0 1.12769 0
1 1.10628 0.0214125
2 1.09831 0.0147117
3 1.09291 0.0117174
4 1.08872 0.00999818
5 1.08577 0.00868097
6 1.08506 0.00737071
7 1.08241 0.00691071
8 1.08165 0.00614214
9 1.08397 0.00596111
10 1.08417 0.00539592
11 1.08568 0.00515143
12 1.08418 0.00497058
13 1.0834 0.00466684
14 1.08336 0.00434483
15 1.08264 0.00412589
16 1.08214 0.00390842
17 1.08404 0.00414661
18 1.08293 0.00407723
19 1.08225 0.00392726
20 1.08181 0.0037613
21 1.08195 0.00358918
22 1.08111 0.0035316
23 1.08067 0.00341025
24 1.08091 0.00328
25 1.08222 0.00341369
26 1.08331 0.00345955
27 1.0826 0.00340832
28 1.08256 0.00328887
29 1.08214 0.00320564
30 1.08363 0.00344192
31 1.08301 0.00338977
32 1.08237 0.00334765
33 1.08178 0.00330178
34 1.08211 0.00322372
35 1.08151 0.0031911
36 1.08165 0.00310695
37 1.08135 0.0030386
38 1.08177 0.00298947
39 1.08097 0.00302282
40 1.08069 0.00296167
41 1.08088 0.00289655
42 1.08143 0.00288224
43 1.08127 0.00282069
44 1.08164 0.00278203
45 1.08144 0.00272849
46 1.0814 0.00267008
47 1.08158 0.00262001
48 1.08135 0.00257606
49 1.08088 0.00256819
50 1.08103 0.00252223
51 1.0813 0.00248717
52 1.08076 0.00249883
53 1.08064 0.00245489
54 1.08036 0.00242583
55 1.08048 0.00238506
56 1.08076 0.00235988
57 1.08069 0.00232002
58 1.08054 0.00228528
59 1.08044 0.00224923
60 1.08029 0.00221681
61 1.0797 0.00225807
62 1.08036 0.0023161
63 1.08084 0.00232959
64 1.08117 0.00231697
65 1.08154 0.00231158
66 1.08138 0.00228206
67 1.08165 0.00226369
68 1.08149 0.00223629
69 1.0815 0.00220413
70 1.08189 0.00220793
71 1.08192 0.00217722
72 1.08197 0.00214794
73 1.0823 0.00214357
74 1.08196 0.00214151
75 1.08212 0.00211905
76 1.08193 0.00210037
77 1.082 0.00207455
78 1.08234 0.00207715
79 1.08237 0.00205113
80 1.08231 0.0020264
81 1.08216 0.00200709
82 1.08228 0.00198612
83 1.08242 0.00196793
84 1.0824 0.00194477
85 1.08255 0.00192771
86 1.08263 0.00190712
87 1.08263 0.00188533
88 1.08238 0.00188072
89 1.0823 0.00186158
90 1.08209 0.00185235
91 1.0817 0.0018736
92 1.08163 0.00185476
93 1.08187 0.00185107
94 1.08169 0.0018406
95 1.08191 0.00183438
96 1.08188 0.0018156
97 1.08181 0.00179809
98 1.08187 0.00178063
99 1.0818 0.00176422
