0 -5.03002 0
1 -5.04873 0.0187123
2 -5.04389 0.0118385
3 -5.03507 0.0121614
4 -5.03041 0.010506
5 -5.02405 0.0106828
6 -5.02046 0.00971693
7 -5.02753 0.0109931
8 -5.02107 0.0116511
9 -5.01953 0.0105341
10 -5.02189 0.00981648
11 -5.02182 0.00896144
12 -5.02136 0.00825603
13 -5.02107 0.00764929
14 -5.02343 0.00750152
15 -5.02752 0.00812363
16 -5.0273 0.00763405
17 -5.02552 0.00741349
18 -5.02696 0.00715814
19 -5.02562 0.00692086
20 -5.02675 0.00667941
21 -5.02563 0.00646718
22 -5.02697 0.00632346
23 -5.02623 0.00609862
24 -5.0277 0.00603127
25 -5.0275 0.00579833
26 -5.02687 0.00561468
27 -5.02547 0.00558816
28 -5.02453 0.00547363
29 -5.02476 0.00529306
30 -5.02485 0.00512018
31 -5.02661 0.00526362
32 -5.02661 0.00510163
33 -5.02658 0.00494936
34 -5.02774 0.00494275
35 -5.02667 0.00492201
36 -5.0265 0.00478993
37 -5.02724 0.00472071
38 -5.02794 0.00465005
39 -5.02833 0.00454908
40 -5.02782 0.00446573
41 -5.02841 0.00439765
42 -5.0288 0.00431206
43 -5.02918 0.00422962
44 -5.02926 0.00413542
45 -5.02828 0.00416204
46 -5.02745 0.00415532
47 -5.02666 0.00414486
48 -5.02777 0.00421
49 -5.02853 0.0041937
50 -5.02879 0.00411861
51 -5.02918 0.00405756
52 -5.02944 0.00398893
53 -5.02934 0.00391555
54 -5.02864 0.00390822
55 -5.02788 0.00391191
56 -5.02791 0.00384279
57 -5.02728 0.00382789
58 -5.02673 0.0038025
59 -5.02644 0.00374986
60 -5.02645 0.00368789
61 -5.0264 0.00362822
62 -5.02679 0.0035915
63 -5.02649 0.00354841
64 -5.02733 0.00359352
65 -5.02663 0.0036066
66 -5.02623 0.00357452
67 -5.02604 0.00352705
68 -5.0264 0.00349407
69 -5.02635 0.00344414
70 -5.02685 0.00343188
71 -5.0269 0.00338424
72 -5.02703 0.00334008
73 -5.02718 0.00329838
74 -5.02756 0.00327567
75 -5.02732 0.00324105
76 -5.02726 0.00319928
77 -5.02706 0.00316428
78 -5.02742 0.00314504
79 -5.02723 0.00311122
80 -5.02728 0.00307299
81 -5.02808 0.00313896
82 -5.02839 0.00311577
83 -5.02881 0.00310685
84 -5.02847 0.003089
85 -5.02861 0.00305615
86 -5.02862 0.00302084
87 -5.02767 0.00313338
88 -5.02848 0.00320167
89 -5.02878 0.00318053
90 -5.0287 0.00314641
91 -5.02843 0.00312402
92 -5.02841 0.0030903
93 -5.02829 0.00305939
94 -5.02814 0.00303084
95 -5.02805 0.00300051
96 -5.02782 0.00297833
97 -5.02788 0.00294833
98 -5.02743 0.00295184
99 -5.02729 0.00292592
