0 -5.04748 0
1 -5.0224 0.0250742
2 -5.03991 0.0227187
3 -5.02169 0.0242911
4 -5.02383 0.0189363
5 -5.02675 0.0157363
6 -5.0277 0.013333
7 -5.03076 0.0119456
8 -5.03331 0.0108408
9 -5.03384 0.00971079
10 -5.0322 0.00893619
11 -5.02926 0.00867079
12 -5.02888 0.00798519
13 -5.02938 0.00740948
14 -5.02836 0.0069726
15 -5.02882 0.00653837
16 -5.02676 0.00647609
17 -5.02737 0.00613616
18 -5.02712 0.00580974
19 -5.02555 0.00572924
20 -5.02823 0.00606891
21 -5.02745 0.00583808
22 -5.02736 0.00557925
23 -5.02752 0.00534431
24 -5.02788 0.00513835
25 -5.02553 0.00546523
26 -5.02517 0.00527122
27 -5.02599 0.00514441
28 -5.0249 0.00508115
29 -5.02705 0.0053574
30 -5.02688 0.00518446
31 -5.02603 0.00509182
32 -5.02695 0.00502101
33 -5.02559 0.00505876
34 -5.02513 0.00493328
35 -5.02421 0.00488238
36 -5.0251 0.00483266
37 -5.02521 0.00470504
38 -5.02497 0.00458914
39 -5.02547 0.00450024
40 -5.02546 0.00438911
41 -5.02504 0.00430428
42 -5.02474 0.0042134
43 -5.02499 0.00412393
44 -5.02537 0.00404927
45 -5.02473 0.0040116
46 -5.02405 0.00398408
47 -5.02251 0.00419218
48 -5.02153 0.00422171
49 -5.02227 0.00420193
50 -5.02287 0.00416218
51 -5.02347 0.0041257
52 -5.02389 0.00406843
53 -5.02306 0.00407796
54 -5.02368 0.00405032
55 -5.02306 0.0040245
56 -5.02345 0.00397207
57 -5.02328 0.00390653
58 -5.02366 0.00385826
59 -5.0234 0.00380198
60 -5.02301 0.00375951
61 -5.02429 0.00391469
62 -5.02396 0.00386702
63 -5.02448 0.00384224
64 -5.0248 0.00379573
65 -5.02464 0.00374093
66 -5.02473 0.00368566
67 -5.02414 0.0036776
68 -5.02466 0.00366085
69 -5.02479 0.00361049
70 -5.02478 0.00355929
71 -5.02465 0.00351202
72 -5.02458 0.00346432
73 -5.02425 0.00343278
74 -5.02404 0.00339336
75 -5.02326 0.00343693
76 -5.02325 0.00339202
77 -5.02342 0.00335255
78 -5.02346 0.00331002
79 -5.02294 0.00330974
80 -5.02302 0.00326969
81 -5.02288 0.00323283
82 -5.02354 0.00326221
83 -5.02324 0.0032374
84 -5.0233 0.00319971
85 -5.02337 0.00316298
86 -5.02278 0.00318012
87 -5.02298 0.00314971
88 -5.02303 0.00311458
89 -5.02301 0.00307987
90 -5.02269 0.00306201
91 -5.02239 0.00304395
92 -5.02238 0.00301105
93 -5.02257 0.0029848
94 -5.02291 0.00297316
95 -5.02337 0.00297682
96 -5.02349 0.00294861
97 -5.02346 0.00291858
98 -5.02339 0.00288973
99 -5.0233 0.00286225
