0 -5.11545 0
1 -5.08265 0.0328009
2 -5.06996 0.022797
3 -5.06128 0.0183082
4 -5.05441 0.0157564
5 -5.0497 0.0137008
6 -5.04836 0.0116563
7 -5.04418 0.0109251
8 -5.04318 0.00968745
9 -5.04683 0.00940456
10 -5.04709 0.0085106
11 -5.04939 0.00810196
12 -5.04722 0.00776112
13 -5.0461 0.00727211
14 -5.0461 0.00676997
15 -5.04502 0.00642347
16 -5.04433 0.00607292
17 -5.04732 0.00645631
18 -5.04569 0.00631992
19 -5.04465 0.0060848
20 -5.044 0.00582392
21 -5.0443 0.00556086
22 -5.04295 0.00548302
23 -5.04231 0.00528827
24 -5.04272 0.00508882
25 -5.04484 0.00532856
26 -5.04649 0.00538546
27 -5.04535 0.00531239
28 -5.04525 0.00512691
29 -5.04463 0.00499111
30 -5.047 0.00537622
31 -5.04596 0.00530902
32 -5.04491 0.00525032
33 -5.04396 0.00518152
34 -5.04444 0.00505369
35 -5.04353 0.00499395
36 -5.04376 0.00486232
37 -5.04325 0.00475975
38 -5.04394 0.00468633
39 -5.04266 0.00474302
40 -5.04221 0.00464806
41 -5.0425 0.0045454
42 -5.04341 0.00453037
43 -5.04319 0.00443163
44 -5.04375 0.00436848
45 -5.04349 0.0042806
46 -5.04338 0.00418977
47 -5.04363 0.00410912
48 -5.04325 0.00404283
49 -5.04249 0.00403245
50 -5.0427 0.00395806
51 -5.04306 0.00389829
52 -5.04222 0.00391717
53 -5.04202 0.00384873
54 -5.04161 0.00380122
55 -5.04181 0.00373827
56 -5.04225 0.00369822
57 -5.04214 0.00363535
58 -5.04193 0.00357973
59 -5.04177 0.00352312
60 -5.04154 0.00347233
61 -5.04067 0.00352539
62 -5.04169 0.00361532
63 -5.04246 0.00364091
64 -5.04299 0.00362382
65 -5.04355 0.00361099
66 -5.04333 0.00356324
67 -5.04368 0.00352804
68 -5.04347 0.00348308
69 -5.04346 0.00343298
70 -5.04406 0.00343832
71 -5.04412 0.00339066
72 -5.04418 0.00334459
73 -5.04469 0.0033373
74 -5.04419 0.00333028
75 -5.04446 0.00329718
76 -5.04419 0.0032654
77 -5.04433 0.00322665
78 -5.0449 0.0032351
79 -5.04494 0.00319469
80 -5.04485 0.00315644
81 -5.04461 0.00312689
82 -5.04477 0.00309318
83 -5.04497 0.00306296
84 -5.04492 0.00302713
85 -5.04514 0.00299982
86 -5.04529 0.00296869
87 -5.04526 0.00293483
88 -5.04488 0.0029276
89 -5.04473 0.00289867
90 -5.04441 0.00288399
91 -5.04382 0.00291252
92 -5.04371 0.00288335
93 -5.04408 0.00287676
94 -5.0438 0.00285975
95 -5.04412 0.00284742
96 -5.04408 0.00281822
97 -5.04399 0.00279078
98 -5.04405 0.00276313
99 -5.04393 0.00273797
