0 -5.4878 0
1 -5.48709 0.000705783
2 -5.48695 0.000432337
3 -5.48695 0.000305813
4 -5.48727 0.000397936
5 -5.48725 0.000325922
6 -5.48715 0.000292611
7 -5.48707 0.000264576
8 -5.48716 0.000248292
9 -5.48717 0.000222214
10 -5.48708 0.000219486
11 -5.48715 0.000213637
12 -5.48705 0.000220536
13 -5.48708 0.000206405
14 -5.48706 0.000193068
15 -5.48706 0.000180604
16 -5.48711 0.000175107
17 -5.48716 0.000172587
18 -5.48719 0.000166726
19 -5.48712 0.000173049
20 -5.48707 0.000171984
21 -5.48708 0.000164266
22 -5.48708 0.000156963
23 -5.48708 0.00015032
24 -5.48708 0.000144271
25 -5.48708 0.000138843
26 -5.48702 0.000143501
27 -5.48703 0.000138333
28 -5.487 0.000136861
29 -5.48701 0.000132591
30 -5.48703 0.000130915
31 -5.48703 0.000126817
32 -5.48706 0.00012568
33 -5.48708 0.000123463
34 -5.48703 0.000128362
35 -5.48704 0.000124902
36 -5.48703 0.000121483
37 -5.48702 0.000119493
38 -5.48701 0.000116936
39 -5.48699 0.000115311
40 -5.487 0.00011343
41 -5.48699 0.000111211
42 -5.48699 0.0001088
43 -5.48698 0.000106328
44 -5.48701 0.00010629
45 -5.487 0.000104156
46 -5.48704 0.000109588
47 -5.48705 0.000108294
48 -5.48705 0.000106249
49 -5.48703 0.000105466
50 -5.487 0.000107156
51 -5.48698 0.000107078
52 -5.48695 0.000109857
53 -5.48694 0.000108695
54 -5.48695 0.000107897
55 -5.48694 0.000106434
56 -5.48694 0.000104682
57 -5.48695 0.000103621
58 -5.48693 0.000103628
59 -5.48695 0.000103293
60 -5.48697 0.000103903
61 -5.48697 0.000102235
62 -5.48696 0.000100719
63 -5.48696 9.93424e-05
64 -5.48697 9.82852e-05
65 -5.48697 9.68697e-05
66 -5.48697 9.55544e-05
67 -5.48698 9.42031e-05
68 -5.48698 9.28301e-05
69 -5.48698 9.14945e-05
70 -5.48697 9.03284e-05
71 -5.48697 8.90744e-05
72 -5.48699 8.94698e-05
73 -5.48698 8.87776e-05
74 -5.48698 8.76546e-05
75 -5.48699 8.71476e-05
76 -5.48699 8.60248e-05
77 -5.487 8.56883e-05
78 -5.48701 8.47131e-05
79 -5.487 8.40272e-05
80 -5.48699 8.31826e-05
81 -5.48701 8.34246e-05
82 -5.48701 8.25111e-05
83 -5.487 8.2055e-05
84 -5.48702 8.24479e-05
85 -5.48702 8.16566e-05
86 -5.48702 8.09597e-05
87 -5.48702 8.00395e-05
88 -5.48702 7.91365e-05
89 -5.48702 7.83134e-05
90 -5.48702 7.74834e-05
91 -5.48702 7.69925e-05
92 -5.48703 7.61651e-05
93 -5.48703 7.54128e-05
94 -5.48703 7.46328e-05
95 -5.48703 7.39285e-05
96 -5.48704 7.32382e-05
97 -5.48704 7.25547e-05
98 -5.48704 7.19265e-05
99 -5.48704 7.167e-05
