0 0.795686 0
1 0.789355 0.00633105
2 0.792223 0.00464609
3 0.789941 0.0040002
4 0.792699 0.00414869
5 0.79179 0.00350723
6 0.791987 0.00297065
7 0.791942 0.00257305
8 0.792253 0.00229047
9 0.791472 0.00219264
10 0.791276 0.00199301
11 0.791287 0.0018194
12 0.790899 0.00171797
13 0.791455 0.00168502
14 0.791565 0.00157248
15 0.791409 0.00147917
16 0.791575 0.00139933
17 0.791577 0.0013193
18 0.791629 0.00124899
19 0.791403 0.00120626
20 0.791393 0.00114743
21 0.791058 0.00114405
22 0.791758 0.00129776
23 0.791583 0.00125469
24 0.791563 0.00120363
25 0.791208 0.0012096
26 0.791314 0.00116874
27 0.79147 0.001137
28 0.791303 0.00110982
29 0.791424 0.00107901
30 0.791366 0.00104521
31 0.791361 0.00101203
32 0.791383 0.000981132
33 0.791621 0.000980948
34 0.791255 0.00102012
35 0.791183 0.000994008
36 0.791216 0.000967343
37 0.791237 0.000941776
38 0.791151 0.00092135
39 0.791309 0.000911834
40 0.791161 0.000901523
41 0.791196 0.000880479
42 0.79127 0.000862961
43 0.791173 0.000848715
44 0.791306 0.000840259
45 0.791113 0.000844278
46 0.791293 0.000845579
47 0.791254 0.000828674
48 0.791252 0.00081159
49 0.79121 0.000796292
50 0.791133 0.000784312
51 0.791114 0.000769325
52 0.790991 0.00076449
53 0.791001 0.000750267
54 0.791087 0.000741417
55 0.791056 0.000728709
56 0.791012 0.00071716
57 0.790995 0.000704883
58 0.791014 0.000693072
59 0.790847 0.000701531
60 0.790953 0.000698043
61 0.791016 0.000689575
62 0.790932 0.000683664
63 0.79102 0.000678549
64 0.791103 0.000673171
65 0.791086 0.000663115
66 0.791129 0.000654585
67 0.790976 0.000662701
68 0.790963 0.000653163
69 0.790937 0.000644305
70 0.79083 0.000644065
71 0.790867 0.000636122
72 0.790903 0.000628379
73 0.790774 0.000632949
74 0.790834 0.000627303
75 0.790846 0.000619102
76 0.79083 0.000611203
77 0.790859 0.000603973
78 0.790755 0.000605237
79 0.790718 0.000598753
80 0.7907 0.000591596
81 0.790633 0.00058819
82 0.79062 0.000581199
83 0.790556 0.00057775
84 0.790543 0.000571059
85 0.790466 0.000569598
86 0.790471 0.000563034
87 0.790483 0.000556727
88 0.790536 0.000552924
89 0.79059 0.00054948
90 0.790574 0.000543666
91 0.790574 0.000537724
92 0.790645 0.000536696
93 0.790636 0.000531043
94 0.790683 0.000527563
95 0.79062 0.00052587
96 0.790554 0.000524578
97 0.79063 0.000524779
98 0.790623 0.000519508
99 0.790606 0.000514547
