0 1.19353 0
1 1.18403 0.00949658
2 1.18833 0.00696913
3 1.18491 0.00600029
4 1.18905 0.00622303
5 1.18769 0.00526084
6 1.18798 0.00445598
7 1.18791 0.00385957
8 1.18838 0.0034357
9 1.18721 0.00328896
10 1.18691 0.00298952
11 1.18693 0.0027291
12 1.18635 0.00257695
13 1.18718 0.00252753
14 1.18735 0.00235872
15 1.18711 0.00221875
16 1.18736 0.00209899
17 1.18737 0.00197895
18 1.18744 0.00187349
19 1.1871 0.00180939
20 1.18709 0.00172114
21 1.18659 0.00171608
22 1.18764 0.00194664
23 1.18737 0.00188204
24 1.18734 0.00180544
25 1.18681 0.00181439
26 1.18697 0.00175312
27 1.18721 0.0017055
28 1.18695 0.00166473
29 1.18714 0.00161851
30 1.18705 0.00156781
31 1.18704 0.00151805
32 1.18707 0.0014717
33 1.18743 0.00147142
34 1.18688 0.00153018
35 1.18677 0.00149101
36 1.18682 0.00145101
37 1.18686 0.00141266
38 1.18673 0.00138202
39 1.18696 0.00136775
40 1.18674 0.00135228
41 1.18679 0.00132072
42 1.18691 0.00129444
43 1.18676 0.00127307
44 1.18696 0.00126039
45 1.18667 0.00126642
46 1.18694 0.00126837
47 1.18688 0.00124301
48 1.18688 0.00121738
49 1.18681 0.00119444
50 1.1867 0.00117647
51 1.18667 0.00115399
52 1.18649 0.00114674
53 1.1865 0.0011254
54 1.18663 0.00111213
55 1.18658 0.00109306
56 1.18652 0.00107574
57 1.18649 0.00105732
58 1.18652 0.00103961
59 1.18627 0.0010523
60 1.18643 0.00104706
61 1.18652 0.00103436
62 1.1864 0.0010255
63 1.18653 0.00101782
64 1.18665 0.00100976
65 1.18663 0.000994673
66 1.18669 0.000981877
67 1.18646 0.000994052
68 1.18644 0.000979744
69 1.1864 0.000966457
70 1.18624 0.000966098
71 1.1863 0.000954183
72 1.18635 0.000942568
73 1.18616 0.000949424
74 1.18625 0.000940955
75 1.18627 0.000928653
76 1.18625 0.000916804
77 1.18629 0.000905959
78 1.18613 0.000907856
79 1.18608 0.00089813
80 1.18605 0.000887393
81 1.18595 0.000882284
82 1.18593 0.000871798
83 1.18583 0.000866626
84 1.18582 0.000856589
85 1.1857 0.000854396
86 1.18571 0.000844551
87 1.18572 0.000835091
88 1.1858 0.000829386
89 1.18589 0.00082422
90 1.18586 0.000815499
91 1.18586 0.000806586
92 1.18597 0.000805045
93 1.18595 0.000796565
94 1.18602 0.000791344
95 1.18593 0.000788805
96 1.18583 0.000786867
97 1.18595 0.000787169
98 1.18593 0.000779262
99 1.18591 0.000771821
