0 -6.68133 0
1 -6.67112 0.0102024
2 -6.67528 0.00720979
3 -6.67187 0.00613637
4 -6.67632 0.00651656
5 -6.67493 0.00549909
6 -6.67513 0.00465171
7 -6.67499 0.00403104
8 -6.67554 0.00359761
9 -6.67437 0.00342201
10 -6.67399 0.0031189
11 -6.67408 0.00284861
12 -6.6734 0.00270762
13 -6.67427 0.00265173
14 -6.67441 0.0024729
15 -6.67418 0.00232485
16 -6.67447 0.00220332
17 -6.67452 0.002078
18 -6.67464 0.00196873
19 -6.67423 0.001912
20 -6.67416 0.00181982
21 -6.67367 0.00180359
22 -6.67472 0.00201784
23 -6.67445 0.00195003
24 -6.67443 0.00187057
25 -6.67389 0.0018766
26 -6.674 0.0018089
27 -6.67423 0.00175927
28 -6.67395 0.00172072
29 -6.67414 0.00167338
30 -6.67408 0.00161961
31 -6.67407 0.00156823
32 -6.67413 0.00152112
33 -6.67451 0.00152266
34 -6.67391 0.00159326
35 -6.67381 0.00155173
36 -6.67386 0.00151
37 -6.67387 0.0014698
38 -6.67373 0.0014385
39 -6.67395 0.00141918
40 -6.67375 0.00139953
41 -6.67379 0.00136642
42 -6.67389 0.00133837
43 -6.67374 0.001316
44 -6.67397 0.00130543
45 -6.67367 0.00131079
46 -6.67398 0.00131972
47 -6.67394 0.00129265
48 -6.67393 0.00126604
49 -6.67385 0.00124302
50 -6.6737 0.00122685
51 -6.67365 0.00120405
52 -6.67344 0.00120059
53 -6.67344 0.00117815
54 -6.67358 0.00116545
55 -6.67353 0.00114583
56 -6.67345 0.0011278
57 -6.67344 0.00110825
58 -6.67345 0.00108934
59 -6.67322 0.00109611
60 -6.6734 0.00109307
61 -6.67349 0.00107927
62 -6.67336 0.00106995
63 -6.67349 0.00106045
64 -6.67362 0.00105261
65 -6.6736 0.00103677
66 -6.67367 0.0010236
67 -6.67344 0.00103333
68 -6.67342 0.00101845
69 -6.67338 0.00100458
70 -6.67322 0.00100397
71 -6.67327 0.000991538
72 -6.67334 0.000980432
73 -6.67314 0.000987953
74 -6.67323 0.000978489
75 -6.67326 0.000965935
76 -6.67324 0.000953548
77 -6.67329 0.000942776
78 -6.67314 0.000942964
79 -6.67308 0.000933239
80 -6.67304 0.000922239
81 -6.67296 0.000915007
82 -6.67294 0.000904041
83 -6.67284 0.000899335
84 -6.67283 0.000888703
85 -6.67272 0.000885178
86 -6.67272 0.000874945
87 -6.67274 0.000865149
88 -6.67282 0.000859019
89 -6.67291 0.000853685
90 -6.67288 0.000844698
91 -6.67289 0.000835501
92 -6.67299 0.000833514
93 -6.67298 0.000824677
94 -6.67306 0.000819194
95 -6.67296 0.000815783
96 -6.67287 0.000812963
97 -6.67299 0.000813178
98 -6.67297 0.00080507
99 -6.67295 0.000797147
