0 -0.390817 0
1 -0.40314 0.0123223
2 -0.413603 0.0126531
3 -0.418185 0.010052
4 -0.422761 0.00903119
5 -0.41885 0.00834654
6 -0.416608 0.00740195
7 -0.414115 0.00687816
8 -0.416638 0.00656986
9 -0.413693 0.00657298
10 -0.409465 0.00729547
11 -0.405613 0.00769355
12 -0.40647 0.0071288
13 -0.407848 0.00674225
14 -0.409339 0.00645122
15 -0.41213 0.006649
16 -0.410672 0.00641363
17 -0.408845 0.00631695
18 -0.407907 0.00604831
19 -0.404499 0.00667382
20 -0.40335 0.00645115
21 -0.403946 0.00617969
22 -0.402269 0.00613834
23 -0.396892 0.00796604
24 -0.394503 0.00800546
25 -0.393411 0.00776856
26 -0.392492 0.00753153
27 -0.392087 0.00726882
28 -0.391509 0.00703752
29 -0.39117 0.00680732
30 -0.39054 0.00661412
31 -0.389241 0.00653467
32 -0.387612 0.00653971
33 -0.387371 0.00634901
34 -0.387413 0.00616509
35 -0.386585 0.00604834
36 -0.385481 0.00598531
37 -0.386032 0.00585166
38 -0.385917 0.00570081
39 -0.385553 0.00556832
40 -0.385939 0.00544446
41 -0.387585 0.00556234
42 -0.387592 0.00543144
43 -0.387788 0.00531018
44 -0.389097 0.00535327
45 -0.390002 0.0053133
46 -0.390242 0.00520454
47 -0.390644 0.00511078
48 -0.391006 0.00501848
49 -0.390825 0.0049204
50 -0.391136 0.00483296
51 -0.391969 0.00481172
52 -0.393543 0.00497567
53 -0.395318 0.00519542
54 -0.396714 0.00528746
55 -0.396948 0.00519749
56 -0.396758 0.00510902
57 -0.396399 0.00503298
58 -0.396709 0.00495664
59 -0.396896 0.00487692
60 -0.396697 0.00480045
61 -0.395997 0.00477394
62 -0.394688 0.00487662
63 -0.394138 0.0048312
64 -0.394015 0.00475788
65 -0.39441 0.00470188
66 -0.395229 0.00470291
67 -0.39618 0.00472995
68 -0.397237 0.00477922
69 -0.398047 0.00477955
70 -0.398724 0.00476017
71 -0.399666 0.0047872
72 -0.400173 0.00474835
73 -0.400521 0.00469665
74 -0.400856 0.00464564
75 -0.40104 0.00458781
76 -0.400783 0.00453511
77 -0.401437 0.00452414
78 -0.402003 0.00450224
79 -0.401744 0.00445314
80 -0.401463 0.00440679
81 -0.401064 0.00437099
82 -0.401044 0.00431806
83 -0.401116 0.00426694
84 -0.400904 0.00422176
85 -0.401044 0.00417474
86 -0.401166 0.00412828
87 -0.401488 0.00409383
88 -0.401393 0.0040487
89 -0.401387 0.00400347
90 -0.402015 0.00400876
91 -0.402585 0.00400564
92 -0.402541 0.00396258
93 -0.402351 0.0039248
94 -0.402274 0.00388404
95 -0.402471 0.00384846
96 -0.402587 0.00381032
97 -0.402586 0.00377124
98 -0.402599 0.00373297
99 -0.402223 0.00371453
