0 1.78484 0
1 1.75572 0.0291152
2 1.73798 0.0244389
3 1.73279 0.0180453
4 1.72693 0.0151563
5 1.73078 0.0129613
6 1.73585 0.012071
7 1.7343 0.0105676
8 1.73121 0.0098206
9 1.72661 0.00991421
10 1.72347 0.0095025
11 1.72043 0.00919143
12 1.71654 0.00930854
13 1.7118 0.00983163
14 1.70982 0.00936511
15 1.70954 0.00876486
16 1.71113 0.00838652
17 1.71241 0.00800872
18 1.71334 0.00763273
19 1.71346 0.00724201
20 1.71525 0.00711737
21 1.71785 0.00726846
22 1.72189 0.00803328
23 1.72538 0.00844779
24 1.72815 0.00856198
25 1.72993 0.00841602
26 1.73025 0.00810491
27 1.72963 0.00783519
28 1.72888 0.00759728
29 1.72876 0.00734067
30 1.7283 0.00711478
31 1.72719 0.00697688
32 1.72661 0.00678672
33 1.72741 0.00663163
34 1.72715 0.00644462
35 1.72698 0.00626524
36 1.72805 0.00618638
37 1.72877 0.00606486
38 1.72891 0.00590876
39 1.72892 0.00575916
40 1.72854 0.00563007
41 1.72901 0.00551509
42 1.72919 0.00538828
43 1.7305 0.00542527
44 1.73245 0.0056492
45 1.73489 0.00603797
46 1.7377 0.00654629
47 1.74013 0.00685213
48 1.74203 0.00697416
49 1.74268 0.00686432
50 1.74262 0.00672867
51 1.74276 0.00659945
52 1.74355 0.00652238
53 1.74485 0.00652995
54 1.74528 0.00642475
55 1.74519 0.00630961
56 1.74531 0.00619901
57 1.74552 0.00609511
58 1.74595 0.00600584
59 1.7464 0.00592227
60 1.74784 0.00599918
61 1.74985 0.00623487
62 1.75177 0.0064289
63 1.75276 0.00640415
64 1.7537 0.00637434
65 1.75454 0.00633386
66 1.75576 0.00635622
67 1.75677 0.00634236
68 1.75766 0.00631387
69 1.75831 0.00625656
70 1.75901 0.00620703
71 1.76015 0.00622549
72 1.7614 0.00626547
73 1.76229 0.00624483
74 1.76301 0.00620271
75 1.76379 0.00616929
76 1.76488 0.00618708
77 1.76489 0.00610724
78 1.76503 0.0060311
79 1.76527 0.00596011
80 1.76598 0.00592823
81 1.76721 0.00598406
82 1.76801 0.00596517
83 1.76815 0.00589541
84 1.7687 0.00585143
85 1.76936 0.00582107
86 1.76992 0.00578097
87 1.77004 0.00571615
88 1.77024 0.00565503
89 1.7703 0.00559215
90 1.77088 0.00556032
91 1.77155 0.00554015
92 1.77196 0.00549576
93 1.77207 0.00543806
94 1.77225 0.00538372
95 1.77248 0.00533241
96 1.77243 0.00527742
97 1.77233 0.0052242
98 1.77291 0.005203
99 1.77317 0.00515716
