0 1.48987 0
1 1.48988 1.247147965791894027079954321290955476797535084187984466552734375e-05
2 1.4898520172064484423657404477125965058803558349609375 3.031329491000358243059376039951757775270380079746246337890625e-05
3 1.4898224579058225724992325922357849776744842529296875 3.65130143495558733370866255629749730360344983637332916259765625e-05
4 1.489783155086517485443664554622955620288848876953125 4.8421394950576261023179880371714034481556154787540435791015625e-05
5 1.4897617055642264904946614478831179440021514892578125 4.497965995271566261477780290789496575598604977130889892578125e-05
6 1.489766418294777405861850638757459819316864013671875 3.8305757680305425557677756476238073446438647806644439697265625e-05
7 1.48978259905441756671962139080278575420379638671875 3.69095553544130931442578125167841562870307825505733489990234375e-05
8 1.48979598930179424343123173457570374011993408203125 3.5197689328324613909637630371207706048153340816497802734375e-05
9 1.4897977350931614903828403839725069701671600341796875 3.15301387800594095701424424138537006001570262014865875244140625e-05
10 1.489791277931882262919316417537629604339599609375 2.924192345974959705043154378767411571971024386584758758544921875e-05
11 1.48979143896067700580942982924170792102813720703125 2.669458762566416751044369448653270637805690057575702667236328125e-05
12 1.4897886656341141620174539639265276491641998291015625 2.471156355474014374297257734536259476954001002013683319091796875e-05
13 1.4897870498057013133319514963659457862377166748046875 2.29354531331431191025493898649756374652497470378875732421875e-05
14 1.4897937583779008452466996459406800568103790283203125 2.238083830230841179595967227466957183423801325261592864990234375e-05
15 1.4897995238953054553121546632610261440277099609375 2.17147507448523345986550470154696768076973967254161834716796875e-05
16 1.489805816813730476866339813568629324436187744140625 2.134612535409744852048403995770087249184143729507923126220703125e-05
17 1.489807185409206535808834814815782010555267333984375 2.01718007410777336687636440704096685294643975794315338134765625e-05
18 1.4898062418700364073487207861035130918025970458984375 1.910392727948172851668191818408359949899022467434406280517578125e-05
19 1.4898048563268837529705024280701763927936553955078125 1.8176461255006408769367698408103706242400221526622772216796875e-05
20 1.4898079665958281481152880587615072727203369140625 1.756679938093374537008521663050686356655205599963665008544921875e-05
21 1.489809419900272047243561246432363986968994140625 1.68122177233780644399485648676773053011856973171234130859375e-05
22 1.489810241681867264418315244256518781185150146484375 1.60856348823716906550930494379514357206062413752079010009765625e-05
23 1.4898126274352900821895673288963735103607177734375 1.558451723048150992334374975722965928071062080562114715576171875e-05
24 1.4898122524215835493777149167726747691631317138671875 1.4952846263784444846389569405697983484060387127101421356201171875e-05
25 1.48981346375499423828614453668706119060516357421875 1.441720851550731458449138011612689069806947372853755950927734375e-05
26 1.489815053882920903305375759373418986797332763671875 1.3963797834325498257329080387112441030694753862917423248291015625e-05
27 1.4898136722762072015058265606057830154895782470703125 1.352659543849121979671758231322797882967279292643070220947265625e-05
28 1.4898109124650265044920161017216742038726806640625 1.3340420378956728176427816434657103172867209650576114654541015625e-05
29 1.4898083618262816241184509635786525905132293701171875 1.3138041508607417115895958648064123508447664789855480194091796875e-05
30 1.489804087155431222555534986895509064197540283203125 1.3406898599270783745715344970061977392106200568377971649169921875e-05
31 1.4898016743741162581926573693635873496532440185546875 1.32034991883635938712815427464875028817914426326751708984375e-05
32 1.489802226819583186312456746236421167850494384765625 1.28090589858765525519378181140695005524321459233760833740234375e-05
33 1.489802307269851411319905309937894344329833984375 1.24268726821573450365583657362122949052718468010425567626953125e-05
34 1.4898007119894918215408097239560447633266448974609375 1.2171592503488672871764415817086302240568329580128192901611328125e-05
35 1.489800143544915300708453287370502948760986328125 1.184231357163000562804366921909604570828378200531005859375e-05
36 1.4897999965403962985277530606254003942012786865234375 1.1518743250760722315363671075516549535677768290042877197265625e-05
37 1.4898014936129175822543402318842709064483642578125 1.1311030581592544937250162384589913244781200774013996124267578125e-05
38 1.4898017071288112145310833511757664382457733154296875 1.10192571767093894382315288904550243387348018586635589599609375e-05
39 1.489799874572359517088671054807491600513458251953125 1.08954614795067110323729953069715747915324755012989044189453125e-05
40 1.489799800545632546544538854504935443401336669921875 1.06266536941788613764882376333531510681496001780033111572265625e-05
41 1.48980012676210993305403462727554142475128173828125 1.03756813343885271098097911046664876266731880605220794677734375e-05
42 1.489800193195675692692248048842884600162506103515625 1.0131731448900048380237261247405200492721633054316043853759765625e-05
43 1.4898007300375069039688469274551607668399810791015625 9.91333263843916756802125689329585611631046049296855926513671875e-06
44 1.48980057300246482299144190619699656963348388671875 9.691805570953367543647616333402083910186775028705596923828125e-06
45 1.489801028159179363541397833614610135555267333984375 9.489694140770570739249097080847406004977528937160968780517578125e-06
46 1.489803104723215643190314949606545269489288330078125 9.51495316084647547376189347101416160512599162757396697998046875e-06
47 1.4898052469939131459142345192958600819110870361328125 9.5577925933934611171620410186022809284622780978679656982421875e-06
48 1.489807232338133946569769250345416367053985595703125 9.568926203904196931102239809252552049656515009701251983642578125e-06
49 1.4898085473771696118916452178382314741611480712890625 9.4673710354020444474217044206199034306337125599384307861328125e-06
50 1.48980969964414011741382637410424649715423583984375 9.35114436895346024035229060000773415595176629722118377685546875e-06
51 1.48981111649778963368362383334897458553314208984375 9.27836987320003895641541691308162853601970709860324859619140625e-06
52 1.4898131611079816760678795617423020303249359130859375 9.328449168232025163192445982307532403865479864180088043212890625e-06
53 1.4898154870256081760970801042276434600353240966796875 9.444939875667089160802582237241864504539989866316318511962890625e-06
54 1.4898167107394375552331666767713613808155059814453125 9.35203009257120078628715276192195915427873842418193817138671875e-06
55 1.4898182820078387234019601237378083169460296630859375 9.316961016233988560238110654410093047772534191608428955078125e-06
56 1.4898194621866893694317468543886207044124603271484375 9.227825626384337362657396541809617929175146855413913726806640625e-06
57 1.4898205932511061622136594451148994266986846923828125 9.137602289203955921296530784392331270282738842070102691650390625e-06
58 1.48982220824737066067200430552475154399871826171875 9.1254383753910936287988275861238207653514109551906585693359375e-06
59 1.4898235381538402766210538175073452293872833251953125 9.070087923197049629107924229032278162776492536067962646484375e-06
60 1.489825041711410502642820574692450463771820068359375 9.045988382391621315955186621859951401347643695771694183349609375e-06
61 1.4898258964157349293344623220036737620830535888671875 8.939840876416587731197703481367256017620093189179897308349609375e-06
62 1.489826334268607777033821548684500157833099365234375 8.80768460972377857805780398958717114510363899171352386474609375e-06
63 1.48982556859876158483757535577751696109771728515625 8.7027199928861584724525124467930936589254997670650482177734375e-06
64 1.4898244672717353420665631347219459712505340576171875 8.638279503511683948802600541139184997518896125257015228271484375e-06
65 1.489822605042515846207606955431401729583740234375 8.70784505714966325742344699367691873703734017908573150634765625e-06
66 1.4898205208523529474717861376120708882808685302734375 8.82649081789235444316966960887071991237462498247623443603515625e-06
67 1.4898189998978523806982821042765863239765167236328125 8.82773247844836382656856510475762433998170308768749237060546875e-06
68 1.4898173542417298964579686071374453604221343994140625 8.85314887882535615781787186051587923429906368255615234375e-06
69 1.4898152077016801886344410377205349504947662353515625 8.985904985064671382489175088803534663384198211133480072021484375e-06
70 1.4898136050762313953299553759279660880565643310546875 9.002241686310732968006285970030688758924952708184719085693359375e-06
71 1.4898134398789151244812956065288744866847991943359375 8.877866938884275586972398552898511070452514104545116424560546875e-06
72 1.4898131998479529070067428619950078427791595458984375 8.75869684020883011482845603712377169358660466969013214111328125e-06
73 1.489813096584709395386880714795552194118499755859375 8.640142669615891383018239924052039668822544626891613006591796875e-06
74 1.4898128107288097776716995213064365088939666748046875 8.5289542632254901192469243031979431179934181272983551025390625e-06
75 1.4898119840860857276965134587953798472881317138671875 8.456482717147720997298392109353670775817590765655040740966796875e-06
76 1.489811357138928205046113362186588346958160400390625 8.369450667692074154776875338779262847310747019946575164794921875e-06
77 1.4898116860914940584592613959102891385555267333984375 8.268000279405934748919691779089902183841331861913204193115234375e-06
78 1.489812175352512202408661323715932667255401611328125 8.17732032288587476899326123014333234095829539000988006591796875e-06
79 1.4898119709696484580518927032244391739368438720703125 8.077043236219308319410147001260469323824509046971797943115234375e-06
80 1.489811704015634230557907358161173760890960693359375 7.98116925589313175141981115956468784133903682231903076171875e-06
81 1.4898104701729095733497842957149259746074676513671875 7.97921036550516959572239283904337980857235379517078399658203125e-06
82 1.4898082638569258850935739246779121458530426025390625 8.185442695489460518724032789261713105588569305837154388427734375e-06
83 1.4898063930305041058232973227859474718570709228515625 8.300975082217944801756155659422375947542604990303516387939453125e-06
84 1.4898048280522859787566858358331955969333648681640625 8.35068964231284384283453270381158972668345086276531219482421875e-06
85 1.489804422500110359095515377703122794628143310546875 8.262975689574714955524907533668255155134829692542552947998046875e-06
86 1.4898049700353761526372409207397140562534332275390625 8.185779372838797001278414444680464612247305922210216522216796875e-06
87 1.4898050101057258576275899031315930187702178955078125 8.09232422495899397459941104759906238541589118540287017822265625e-06
88 1.4898055886544014914107947333832271397113800048828125 8.021773147800714755424611457357286781189031898975372314453125e-06
89 1.489806577751284333288595007616095244884490966796875 7.993571303058122327228098014106905111475498415529727935791015625e-06
90 1.4898081497937172290590979173430241644382476806640625 8.060034891026505730394526028081969570848741568624973297119140625e-06
91 1.4898097296526684463202627739519812166690826416015625 8.12698319361008372579101288746272757634869776666164398193359375e-06
92 1.4898107710830841288185411031008698046207427978515625 8.106296893680601408607895586033720292107318527996540069580078125e-06
93 1.48981153793860432443807439994998276233673095703125 8.05617687347540180624501371386969594823312945663928985595703125e-06
94 1.489811824228392200808457346283830702304840087890625 7.97606378251122406374158668729279497711104340851306915283203125e-06
95 1.48981221154131038275636456091888248920440673828125 7.9020398530819211551680381067086500479490496218204498291015625e-06
96 1.489812497934831725387994083575904369354248046875 7.82539354678064394171994877513753863240708597004413604736328125e-06
97 1.4898129053006223809774155597551725804805755615234375 7.755836548340515234820601031540121539364918135106563568115234375e-06
98 1.48981314040346024540895086829550564289093017578125 7.68069426560809496149807851228530353182577528059482574462890625e-06
99 1.4898135896315320980676233375561423599720001220703125 7.616758590478942491340530462906599495909176766872406005859375e-06
