0 1.79743 0
1 1.79541 0.0020189
2 1.77512 0.0203302
3 1.76912 0.0155747
4 1.76891 0.0120659
5 1.76562 0.0103868
6 1.76382 0.00896095
7 1.76294 0.00781041
8 1.76052 0.0073004
9 1.76276 0.00690268
10 1.76138 0.00639549
11 1.76167 0.00584546
12 1.76107 0.00541026
13 1.76144 0.00502286
14 1.76322 0.00500227
15 1.76463 0.00488737
16 1.76372 0.00468055
17 1.76195 0.00475315
18 1.76061 0.00469109
19 1.75719 0.0056171
20 1.75485 0.0058301
21 1.75402 0.00562129
22 1.75534 0.00553206
23 1.75549 0.00529864
24 1.75512 0.00509606
25 1.75509 0.0048962
26 1.75429 0.00477868
27 1.7531 0.00475726
28 1.75199 0.0047212
29 1.75069 0.0047428
30 1.74904 0.00487611
31 1.74776 0.00489263
32 1.74826 0.00476932
33 1.74834 0.00462746
34 1.74812 0.00449825
35 1.74809 0.00437165
36 1.74889 0.00432732
37 1.74951 0.00425634
38 1.75139 0.00455189
39 1.75317 0.00478338
40 1.75488 0.00496573
41 1.7564 0.0050809
42 1.75758 0.00509795
43 1.75803 0.00500185
44 1.75906 0.0049966
45 1.76023 0.00502427
46 1.76286 0.00557498
47 1.76469 0.00575681
48 1.76531 0.00567169
49 1.767 0.00581016
50 1.76704 0.00569521
51 1.76547 0.00580179
52 1.76533 0.00569286
53 1.76518 0.00558864
54 1.76559 0.00550147
55 1.76671 0.0055184
56 1.76787 0.00554343
57 1.76803 0.00544911
58 1.76789 0.00535759
59 1.76753 0.00528026
60 1.76744 0.00519368
61 1.76766 0.00511412
62 1.76743 0.00503765
63 1.76713 0.00496741
64 1.76615 0.00498762
65 1.76574 0.00492897
66 1.7657 0.00485496
67 1.76646 0.00484222
68 1.76646 0.00477153
69 1.76592 0.00473404
70 1.76565 0.00467448
71 1.76562 0.00460919
72 1.76582 0.00454988
73 1.76561 0.00449263
74 1.76556 0.00443266
75 1.76573 0.00437742
76 1.76532 0.00434041
77 1.76485 0.00431011
78 1.76442 0.00427698
79 1.76395 0.00424916
80 1.76293 0.00431762
81 1.76233 0.00430607
82 1.76218 0.00425684
83 1.76216 0.00420589
84 1.76215 0.00415613
85 1.76221 0.00410793
86 1.76215 0.00406081
87 1.76233 0.00401846
88 1.76272 0.00399161
89 1.76307 0.003963
90 1.76301 0.00391966
91 1.76252 0.00390771
92 1.76192 0.00391173
93 1.76165 0.00387951
94 1.76124 0.00385996
95 1.76092 0.00383369
96 1.76093 0.00379401
97 1.7604 0.00379359
98 1.75967 0.00382529
99 1.75978 0.00378843
