0 1.19829 0
1 1.19694 0.00134593
2 1.18341 0.0135535
3 1.17942 0.0103832
4 1.17928 0.00804396
5 1.17708 0.00692455
6 1.17588 0.00597396
7 1.17529 0.00520694
8 1.17368 0.00486694
9 1.17517 0.00460179
10 1.17425 0.00426366
11 1.17444 0.00389697
12 1.17405 0.00360684
13 1.17429 0.00334857
14 1.17548 0.00333485
15 1.17642 0.00325825
16 1.17581 0.00312037
17 1.17463 0.00316877
18 1.17374 0.00312739
19 1.17146 0.00374473
20 1.1699 0.00388674
21 1.16934 0.00374753
22 1.17023 0.00368804
23 1.17033 0.00353243
24 1.17008 0.00339737
25 1.17006 0.00326413
26 1.16953 0.00318579
27 1.16873 0.00317151
28 1.16799 0.00314747
29 1.16713 0.00316187
30 1.16603 0.00325074
31 1.16517 0.00326175
32 1.16551 0.00317954
33 1.16556 0.00308497
34 1.16542 0.00299883
35 1.16539 0.00291444
36 1.16593 0.00288488
37 1.16634 0.00283756
38 1.16759 0.0030346
39 1.16878 0.00318892
40 1.16992 0.00331048
41 1.17094 0.00338727
42 1.17172 0.00339864
43 1.17202 0.00333457
44 1.17271 0.00333107
45 1.17349 0.00334951
46 1.17524 0.00371666
47 1.17646 0.00383787
48 1.17687 0.00378113
49 1.178 0.00387344
50 1.17803 0.00379681
51 1.17698 0.00386786
52 1.17689 0.00379524
53 1.17678 0.00372576
54 1.17706 0.00366765
55 1.17781 0.00367893
56 1.17858 0.00369562
57 1.17868 0.00363274
58 1.1786 0.00357173
59 1.17835 0.00352017
60 1.17829 0.00346246
61 1.17844 0.00340942
62 1.17829 0.00335844
63 1.17809 0.0033116
64 1.17743 0.00332508
65 1.17716 0.00328598
66 1.17714 0.00323664
67 1.17764 0.00322815
68 1.17764 0.00318102
69 1.17728 0.00315602
70 1.1771 0.00311632
71 1.17708 0.00307279
72 1.17721 0.00303325
73 1.17708 0.00299509
74 1.17704 0.0029551
75 1.17716 0.00291828
76 1.17688 0.00289361
77 1.17656 0.00287341
78 1.17628 0.00285132
79 1.17596 0.00283278
80 1.17529 0.00287841
81 1.17489 0.00287072
82 1.17478 0.00283789
83 1.17477 0.00280393
84 1.17477 0.00277075
85 1.17481 0.00273862
86 1.17477 0.00270721
87 1.17489 0.00267898
88 1.17515 0.00266107
89 1.17538 0.002642
90 1.17534 0.00261311
91 1.17502 0.00260514
92 1.17462 0.00260782
93 1.17443 0.00258634
94 1.17416 0.00257331
95 1.17394 0.00255579
96 1.17396 0.00252934
97 1.1736 0.00252906
98 1.17311 0.00255019
99 1.17318 0.00252562
