0 1.75885 0
1 1.75883 2.57821094985587304267149466596720230882056057453155517578125e-05
2 1.7588156468964168954727256277692504227161407470703125 1.782460433669902499374988746883019530287128873169422149658203125e-05
3 1.7588098452588665221441033281735144555568695068359375 1.3875053634566629980778319775058804452783078886568546295166015625e-05
4 1.758807404241881311435236057150177657604217529296875 1.1021295115036439362580893142062876677300664596259593963623046875e-05
5 1.7587963975162634877591472104541026055812835693359375 1.421714159194505710582558111187978511225082911550998687744140625e-05
6 1.7587899580719390524308209933224134147167205810546875 1.3632428935148312664459024912133600082597695291042327880859375e-05
7 1.7587926297706399925147024987381882965564727783203125 1.210455780632310553482887394149969395584776066243648529052734375e-05
8 1.75879028153991523453214540495537221431732177734375 1.093043596335420514719348472620907841701409779489040374755859375e-05
9 1.7587898964212793639916299071046523749828338623046875 9.784062043715764555771273458528725086580379866063594818115234375e-06
10 1.75878903235057837406429825932718813419342041015625 8.892098609439104731598513264856364912702701985836029052734375e-06
11 1.75879441353765830768907107994891703128814697265625 9.73900664676873324535934239865042627570801414549350738525390625e-06
12 1.7587916209427649771868118477868847548961639404296875 9.38375115213461099693444122937791007643681950867176055908203125e-06
13 1.7587843056835603672283241394325159490108489990234375 1.1357310957222382065347383861553254291720804758369922637939453125e-05
14 1.7587738177461680333379945295746438205242156982421875 1.48925117525784366759485088937964292199467308819293975830078125e-05
15 1.75876490599271306791706592775881290435791015625 1.653731827077670172199304332583125187738914974033832550048828125e-05
16 1.7587554441970827401320320859667845070362091064453125 1.818884270878290889826740805990112903600675053894519805908203125e-05
17 1.758748194698842581829012488014996051788330078125 1.861799903833296143738744443663080119222286157310009002685546875e-05
18 1.7587367051932043526818461032235063612461090087890625 2.102739294067437360162033110899670873550348915159702301025390625e-05
19 1.758724749690772082288958699791692197322845458984375 2.32566158125749401276195771348653806853690184652805328369140625e-05
20 1.7587128664817635037564969024970196187496185302734375 2.51111408880186492303433765105324937394470907747745513916015625e-05
21 1.75870403777447226190133733325637876987457275390625 2.551844380363794211031246150778173387152492068707942962646484375e-05
22 1.7587020693584103359086157070123590528964996337890625 2.44630400317649913228233715667414571726112626492977142333984375e-05
23 1.7587026094842685974839469054131768643856048583984375 2.34278052162990719207470713403296258547925390303134918212890625e-05
24 1.7587077350857918123239187480066902935504913330078125 2.304831738786474579672343410141621689035673625767230987548828125e-05
25 1.7587128728464576088441617685020901262760162353515625 2.27323125071113668030538257358585951806162483990192413330078125e-05
26 1.7587150487146783195413490830105729401111602783203125 2.198213063036090245366653561642777958695660345256328582763671875e-05
27 1.758716513701921169143815859570167958736419677734375 2.123311033555909759754261323383417447985266335308551788330078125e-05
28 1.758716089578928443160066308337263762950897216796875 2.0492244995660619552406422894108573018456809222698211669921875e-05
29 1.7587134045859940112421782032470218837261199951171875 1.9978634083547635279243248618286088458262383937835693359375e-05
30 1.7587096163309563490173559330287389457225799560546875 1.969125089333810283234206528479859343860880471765995025634765625e-05
31 1.75870732982575450620288393110968172550201416015625 1.920258811400948469549042341153466395553550682961940765380859375e-05
32 1.758706897378154554445472967927344143390655517578125 1.86166204645104105068996458438590480000129900872707366943359375e-05
33 1.7587062005313089940727877547033131122589111328125 1.80742134088662047253746878450186841291724704205989837646484375e-05
34 1.75870488815674530513888385030440986156463623046875 1.7599211712955291505265653650980084421462379395961761474609375e-05
35 1.7587058143877161153767474388587288558483123779296875 1.712842056574481993725701800546090680654742754995822906494140625e-05
36 1.7587082446063728724539032555185258388519287109375 1.68353862415818262480808609193871916431817226111888885498046875e-05
37 1.758711104767113564406599834910593926906585693359375 1.663410264841459635103311509585211069861543364822864532470703125e-05
38 1.7587141062495821319799915727344341576099395751953125 1.64776468979320231508962912858606841837172396481037139892578125e-05
39 1.7587167103825518399418115222943015396595001220703125 1.6270178852090572845824623104959982811124064028263092041015625e-05
40 1.7587195973045186558891828099149279296398162841796875 1.61288543585801511718973155762313353989156894385814666748046875e-05
41 1.75871906322401816424871867639012634754180908203125 1.5749207825823771547506246815117947335238568484783172607421875e-05
42 1.758719479479016190026641197619028389453887939453125 1.538421897500524644837073540148963957108207978308200836181640625e-05
43 1.7587191328237423704194952733814716339111328125 1.503450899984556327960462385195938850301899947226047515869140625e-05
44 1.758718460797546345730779648874886333942413330078125 1.47119687981672199982019488828655084944330155849456787109375e-05
45 1.7587177178213242445536934610572643578052520751953125 1.4407758361582632014954476196155752631966606713831424713134765625e-05
46 1.7587187752178292665661274440935812890529632568359375 1.4137476704002773127133441022351689753122627735137939453125e-05
47 1.7587199633205583548800632343045435845851898193359375 1.3890715967257519033073616399054373005128582008183002471923828125e-05
48 1.7587220943927615035562439516070298850536346435546875 1.377018105209415975952180755115250576636753976345062255859375e-05
49 1.75872503298138394001171036507003009319305419921875 1.3808275405530949934474783946658504873994388617575168609619140625e-05
50 1.7587265510526204348451528858277015388011932373046875 1.36196854599503151665197686615016436917358078062534332275390625e-05
51 1.7587260989733819460667518796981312334537506103515625 1.336284882247393320377042147395485471861320547759532928466796875e-05
52 1.7587249000008438049036385564249940216541290283203125 1.316301444945281641659383387032988821374601684510707855224609375e-05
53 1.75872302042593542381609950098209083080291748046875 1.30529890487707562357101720440510916887433268129825592041015625e-05
54 1.7587216269404706281420658342540264129638671875 1.2889013460212958358673714098774354397392016835510730743408203125e-05
55 1.7587206641661621286942818187526427209377288818359375 1.269332496869936209560845996602296281707822345197200775146484375e-05
56 1.7587206674974396047872460258076898753643035888671875 1.24686468801830084053572367253082120441831648349761962890625e-05
57 1.758720800868276423756242365925572812557220458984375 1.2252510542093314572045271992895010271240607835352420806884765625e-05
58 1.7587212718058804483689527842216193675994873046875 1.205225523923086956997428875748568088965839706361293792724609375e-05
59 1.7587216631820721257639661416760645806789398193359375 1.185614280084472998348481265207254864435526542365550994873046875e-05
60 1.7587233239316717448019744551857002079486846923828125 1.177783608027002196249645449288578902269364334642887115478515625e-05
61 1.7587253177888364508163476784829981625080108642578125 1.1756620959689394740449973342233391804256825707852840423583984375e-05
62 1.7587267030723972016659217842970974743366241455078125 1.165114849679030787168478033866136911456123925745487213134765625e-05
63 1.75872661724681211836696093087084591388702392578125 1.1467975747550139794584712904512713294025161303579807281494140625e-05
64 1.758725374853778333772424957714974880218505859375 1.1358319095005684940696312479335716716377646662294864654541015625e-05
65 1.7587231499090900666004699814948253333568572998046875 1.1404049498384055940573660048453774606969091109931468963623046875e-05
66 1.7587204659450221821970217206398956477642059326171875 1.15487599945987733161649468893727998874965123832225799560546875e-05
67 1.75871798814128599275363740161992609500885009765625 1.1644337826672263201612141092500252170793828554451465606689453125e-05
68 1.75871567959646402101725470856763422489166259765625 1.170426523591479992165466372799897953882464207708835601806640625e-05
69 1.758715186162403742997639710665680468082427978515625 1.1546397743392989478495962163417942747400957159698009490966796875e-05
70 1.7587157072221335507578032775199972093105316162109375 1.1394531253072055925509679930041073703250731341540813446044921875e-05
71 1.75871566274137247631870195618830621242523193359375 1.1235247291267077261213425121155751185142435133457183837890625e-05
72 1.75871539875947124897948015131987631320953369140625 1.108341556962973902000259285305361345308483578264713287353515625e-05
73 1.758715210237479453780906624160706996917724609375 1.0934239231623974411143802865087337750082951970398426055908203125e-05
74 1.7587156074082932466495776679948903620243072509765625 1.0794772729655396017339231973242164031034917570650577545166015625e-05
75 1.75871638019326059776403781143017113208770751953125 1.06797852077631394451286139801737817833782173693180084228515625e-05
76 1.7587164282862615127811523052514530718326568603515625 1.0540284022271097520684866866158557741073309443891048431396484375e-05
77 1.7587152577924014540400321493507362902164459228515625 1.0469908886622372449939737115709448289635474793612957000732421875e-05
78 1.7587136517830803672524098146823234856128692626953125 1.046054984487608619588179525994320329118636436760425567626953125e-05
79 1.7587120058349861029256544497911818325519561767578125 1.0459285850703510926972862604689140653135837055742740631103515625e-05
80 1.7587103697146140302010053346748463809490203857421875 1.0458126293783955525792776775073633643842185847461223602294921875e-05
81 1.758709664269394234992205383605323731899261474609375 1.0353861065794958833704945966314170391342486254870891571044921875e-05
82 1.758708765782239336061820722534321248531341552734375 1.026774243497136250764280307468112596325227059423923492431640625e-05
83 1.7587081837687554841664905325160361826419830322265625 1.0161453079039138615844752033812170566307031549513339996337890625e-05
84 1.7587090083393530637323465271038003265857696533203125 1.0074994441171631479113417195758728439614060334861278533935546875e-05
85 1.75870929750711280092900778981857001781463623046875 9.96135214208821961304370085077408703000401146709918975830078125e-06
86 1.7587085596580813717793034811620600521564483642578125 9.873795566612473035184201208824816831111093051731586456298828125e-06
87 1.75870775872150186813769323634915053844451904296875 9.793753803868057540636497815267347277767839841544628143310546875e-06
88 1.758707977374096120826152400695718824863433837890625 9.685554962914847209969580743571526681989780627191066741943359375e-06
89 1.758709297026364470895032354746945202350616455078125 9.667822524137019405310496111827234244628925807774066925048828125e-06
90 1.758710347751794689230564472381956875324249267578125 9.61855482141857321375100209337460910319350659847259521484375e-06
91 1.7587119246425491070340285659767687320709228515625 9.6432338173417451987999571283438626778661273419857025146484375e-06
92 1.758713421625964112848805598332546651363372802734375 9.655727743807354632762755819452848982109571807086467742919921875e-06
93 1.7587151611502280790233498919405974447727203369140625 9.709549165525814656808011038346961640854715369641780853271484375e-06
94 1.758716627768604379156158756813965737819671630859375 9.71810504568399832650386904742134674961562268435955047607421875e-06
95 1.7587173437922540841782392817549407482147216796875 9.64296281050547307903651750304874212815775536000728607177734375e-06
96 1.758717058503847407990861029247753322124481201171875 9.547296437206142136438873080361844358776579611003398895263671875e-06
97 1.7587171049899914532232969577307812869548797607421875 9.44948736195697793871332847981392433212022297084331512451171875e-06
98 1.758717336312793033670232034637592732906341552734375 9.356410758984756441034545682011724920812412165105342864990234375e-06
99 1.75871731423960309115273048519156873226165771484375 9.262400596515024488500876509444736939258291386067867279052734375e-06
