0 1.25379 0
1 1.26201 0.00822321
2 1.26897 0.00842191
3 1.272 0.00668386
4 1.27503 0.00599586
5 1.27241 0.00555312
6 1.27092 0.00492463
7 1.26926 0.00457346
8 1.27096 0.0043736
9 1.26899 0.00437642
10 1.26617 0.00486204
11 1.2636 0.00512771
12 1.26417 0.0047511
13 1.26509 0.00449332
14 1.26609 0.00430048
15 1.26795 0.004434
16 1.26699 0.00427602
17 1.26577 0.00421127
18 1.26514 0.00403228
19 1.26287 0.00444975
20 1.26211 0.0043009
21 1.2625 0.00412001
22 1.26139 0.00409228
23 1.2578 0.00530965
24 1.25621 0.0053361
25 1.25548 0.00517809
26 1.25487 0.00501999
27 1.2546 0.00484494
28 1.25421 0.00469092
29 1.25399 0.00453757
30 1.25356 0.00440907
31 1.25269 0.00435643
32 1.25161 0.00435971
33 1.25145 0.00423257
34 1.25148 0.00410995
35 1.25092 0.00403218
36 1.25019 0.00399018
37 1.25056 0.00390117
38 1.25048 0.0038006
39 1.25024 0.00371235
40 1.25049 0.00362977
41 1.25159 0.00370841
42 1.25159 0.00362115
43 1.25173 0.00354032
44 1.2526 0.003569
45 1.2532 0.0035424
46 1.25336 0.00346996
47 1.25363 0.00340756
48 1.25388 0.00334611
49 1.25376 0.00328068
50 1.25396 0.00322243
51 1.25452 0.00320842
52 1.25557 0.0033181
53 1.25676 0.00346506
54 1.25769 0.00352656
55 1.25784 0.00346659
56 1.25772 0.00340755
57 1.25748 0.00335678
58 1.25769 0.00330593
59 1.25781 0.00325279
60 1.25768 0.00320174
61 1.25722 0.00318395
62 1.25634 0.00325225
63 1.25598 0.003222
64 1.25589 0.00317312
65 1.25616 0.00313566
66 1.2567 0.00313607
67 1.25733 0.00315387
68 1.25804 0.00318645
69 1.25857 0.00318642
70 1.25903 0.00317335
71 1.25965 0.00319135
72 1.25999 0.00316544
73 1.26022 0.00313097
74 1.26045 0.00309694
75 1.26057 0.00305837
76 1.2604 0.00302327
77 1.26083 0.00301599
78 1.26121 0.00300143
79 1.26104 0.00296871
80 1.26085 0.00293782
81 1.26058 0.00291403
82 1.26057 0.00287874
83 1.26061 0.00284465
84 1.26047 0.00281458
85 1.26057 0.00278322
86 1.26065 0.00275226
87 1.26086 0.0027293
88 1.2608 0.0026992
89 1.2608 0.00266904
90 1.26122 0.00267273
91 1.2616 0.0026708
92 1.26157 0.00264208
93 1.26144 0.00261686
94 1.26139 0.00258968
95 1.26152 0.00256597
96 1.2616 0.00254055
97 1.2616 0.00251449
98 1.26161 0.00248898
99 1.26136 0.00247665
