0 1.63994 0
1 1.6581 0.0181607
2 1.65335 0.0115109
3 1.64433 0.0121479
4 1.63969 0.0104909
5 1.63366 0.0104764
6 1.63038 0.00944218
7 1.63749 0.0108331
8 1.63114 0.0114682
9 1.62954 0.0103815
10 1.63185 0.00967024
11 1.63176 0.00882822
12 1.63135 0.00813102
13 1.6311 0.00753179
14 1.63349 0.00740786
15 1.63737 0.00794164
16 1.63713 0.00746381
17 1.63544 0.00723832
18 1.6369 0.00700239
19 1.63554 0.00678175
20 1.63657 0.00653205
21 1.63535 0.00634679
22 1.63671 0.00621559
23 1.63606 0.00598568
24 1.63746 0.00590906
25 1.63719 0.00568375
26 1.63665 0.00549621
27 1.6353 0.00546383
28 1.63435 0.0053568
29 1.63456 0.00517932
30 1.63462 0.00500983
31 1.63639 0.00516245
32 1.63647 0.00500426
33 1.63649 0.00485487
34 1.63759 0.00484118
35 1.63652 0.00482518
36 1.63632 0.0046973
37 1.63703 0.00462772
38 1.63772 0.00456005
39 1.63812 0.00446227
40 1.6376 0.00438342
41 1.63811 0.00430898
42 1.63849 0.00422462
43 1.63882 0.00414009
44 1.63891 0.00404807
45 1.63793 0.00407884
46 1.63709 0.00407828
47 1.63625 0.0040791
48 1.63738 0.00415176
49 1.63813 0.00413553
50 1.63839 0.00406227
51 1.63872 0.00399692
52 1.63895 0.00392765
53 1.63886 0.00385541
54 1.63816 0.00384876
55 1.63746 0.00384391
56 1.63749 0.00377605
57 1.63691 0.00375603
58 1.63638 0.00372921
59 1.6361 0.00367711
60 1.63612 0.00361639
61 1.63608 0.0035578
62 1.63645 0.00351995
63 1.63616 0.00347703
64 1.637 0.00352634
65 1.6363 0.00354243
66 1.63591 0.00351103
67 1.63572 0.00346439
68 1.63606 0.00343062
69 1.63604 0.00338131
70 1.63655 0.00337221
71 1.6366 0.00332538
72 1.63672 0.00328196
73 1.63687 0.00324085
74 1.63725 0.00321894
75 1.63697 0.00318808
76 1.63687 0.00314814
77 1.63668 0.0031134
78 1.63705 0.00309618
79 1.63689 0.00306141
80 1.63697 0.00302456
81 1.63774 0.00308285
82 1.63803 0.00305968
83 1.63844 0.00305119
84 1.63809 0.00303512
85 1.63821 0.00300192
86 1.63823 0.00296726
87 1.63728 0.0030817
88 1.63809 0.00315185
89 1.63837 0.00312898
90 1.6383 0.00309527
91 1.63804 0.00307242
92 1.63803 0.00303922
93 1.6379 0.00300928
94 1.63776 0.00298072
95 1.63767 0.002951
96 1.63742 0.00293085
97 1.6375 0.00290191
98 1.63706 0.00290579
99 1.63692 0.00288015
