0 -3.42391 0
1 -3.42323 0.000682142
2 -3.4225 0.000828283
3 -3.42191 0.000831996
4 -3.42133 0.000864601
5 -3.42105 0.000760676
6 -3.42077 0.00070034
7 -3.42056 0.00064047
8 -3.4207 0.000581123
9 -3.42088 0.000551858
10 -3.42083 0.000501779
11 -3.42087 0.000459516
12 -3.42096 0.000431145
13 -3.421 0.000401626
14 -3.42106 0.000379305
15 -3.42105 0.000354945
16 -3.42112 0.000340684
17 -3.42125 0.000346957
18 -3.4213 0.00033106
19 -3.42128 0.000314622
20 -3.42129 0.000299473
21 -3.42137 0.000296609
22 -3.42128 0.00029691
23 -3.42131 0.00028558
24 -3.42136 0.0002776
25 -3.42151 0.000306105
26 -3.42152 0.000295145
27 -3.42145 0.000293348
28 -3.4214 0.000287303
29 -3.42143 0.000278459
30 -3.42155 0.000296729
31 -3.42144 0.000308937
32 -3.42136 0.000309884
33 -3.4213 0.000306157
34 -3.42127 0.000298818
35 -3.42127 0.000290447
36 -3.42128 0.000282682
37 -3.42122 0.00028213
38 -3.42127 0.000279782
39 -3.4212 0.000281766
40 -3.42117 0.000276414
41 -3.42118 0.000269818
42 -3.42126 0.000274279
43 -3.42128 0.000269171
44 -3.42129 0.000263242
45 -3.42133 0.000260827
46 -3.42129 0.000259062
47 -3.42127 0.000254378
48 -3.42122 0.000253044
49 -3.42118 0.000251719
50 -3.42115 0.000248275
51 -3.42112 0.000245248
52 -3.42108 0.000243754
53 -3.42107 0.000239783
54 -3.42106 0.000235388
55 -3.42109 0.000232601
56 -3.4211 0.000228924
57 -3.42111 0.000225099
58 -3.42112 0.000221426
59 -3.42112 0.000217736
60 -3.42111 0.000214355
61 -3.42111 0.000210978
62 -3.42115 0.000210991
63 -3.4212 0.000213826
64 -3.42124 0.000214088
65 -3.42124 0.000210864
66 -3.42125 0.0002083
67 -3.42121 0.0002099
68 -3.42123 0.000208306
69 -3.42121 0.000206887
70 -3.42123 0.000204859
71 -3.42124 0.000202461
72 -3.42122 0.000200423
73 -3.42124 0.000198294
74 -3.42125 0.000195711
75 -3.42128 0.000195738
76 -3.4213 0.000194199
77 -3.42134 0.000195468
78 -3.42138 0.000198145
79 -3.42139 0.000196007
80 -3.42138 0.000193986
81 -3.42136 0.000192245
82 -3.42135 0.000190306
83 -3.42133 0.00018892
84 -3.42132 0.000187519
85 -3.42131 0.000185335
86 -3.42134 0.000184838
87 -3.42132 0.000183619
88 -3.42131 0.000182058
89 -3.42128 0.000181478
90 -3.42128 0.000179689
91 -3.42128 0.000177726
92 -3.42127 0.000175945
93 -3.42127 0.000174198
94 -3.42127 0.00017237
95 -3.42126 0.000170951
96 -3.42126 0.000169182
97 -3.42127 0.000167509
98 -3.42125 0.000166811
99 -3.42124 0.0001655
