0 1.65637 0
1 1.63058 0.0257864
2 1.64701 0.0221701
3 1.62886 0.0239838
4 1.63089 0.0186886
5 1.63412 0.0155977
6 1.63506 0.0132161
7 1.63789 0.0117901
8 1.64035 0.0106855
9 1.64093 0.00957471
10 1.63949 0.00877914
11 1.63665 0.00850409
12 1.63618 0.00783673
13 1.63653 0.00726403
14 1.63545 0.00684775
15 1.63604 0.00643234
16 1.63409 0.00634824
17 1.63453 0.00600084
18 1.63424 0.00568336
19 1.63278 0.0055858
20 1.63543 0.00593751
21 1.63466 0.00571421
22 1.63451 0.00546214
23 1.63467 0.00523221
24 1.63516 0.00504215
25 1.63291 0.00533975
26 1.63262 0.00514647
27 1.63343 0.00502536
28 1.63238 0.00496244
29 1.63452 0.00524886
30 1.63442 0.00507766
31 1.63357 0.00498828
32 1.6345 0.00492285
33 1.63316 0.0049604
34 1.6327 0.00483823
35 1.63182 0.00478384
36 1.63268 0.00473087
37 1.63277 0.00460558
38 1.63253 0.00449227
39 1.63302 0.00440532
40 1.63301 0.00429654
41 1.6326 0.00421278
42 1.63228 0.00412591
43 1.63245 0.00403467
44 1.63277 0.00395634
45 1.63213 0.00392106
46 1.63151 0.00388606
47 1.6301 0.00405893
48 1.62913 0.00409126
49 1.62986 0.00407487
50 1.63047 0.00403976
51 1.63106 0.00400469
52 1.63145 0.00394784
53 1.63061 0.0039642
54 1.63119 0.00393499
55 1.63062 0.00390647
56 1.63096 0.0038524
57 1.63078 0.00378932
58 1.63115 0.00374219
59 1.63085 0.00369163
60 1.6304 0.00365819
61 1.63166 0.00381501
62 1.63134 0.00376797
63 1.63184 0.00374207
64 1.63216 0.00369764
65 1.632 0.0036447
66 1.63205 0.00359034
67 1.63147 0.00358528
68 1.63196 0.00356773
69 1.6321 0.00351888
70 1.63211 0.00346898
71 1.63198 0.00342279
72 1.63191 0.00337626
73 1.63162 0.0033426
74 1.63142 0.00330409
75 1.63067 0.00334657
76 1.63069 0.00330294
77 1.63084 0.00326362
78 1.63088 0.00322225
79 1.63037 0.00322136
80 1.63043 0.00318193
81 1.63028 0.00314646
82 1.6309 0.00316961
83 1.63058 0.00314843
84 1.63063 0.00311158
85 1.63068 0.00307564
86 1.63009 0.00309684
87 1.63028 0.00306748
88 1.63036 0.00303389
89 1.63035 0.00300004
90 1.63003 0.00298412
91 1.62972 0.00296718
92 1.62972 0.00293511
93 1.6299 0.00290941
94 1.63022 0.00289654
95 1.63066 0.00289995
96 1.63076 0.00287161
97 1.63072 0.0028425
98 1.63065 0.00281436
99 1.63055 0.00278804
