0 1.69154 0
1 1.65942 0.0321187
2 1.64746 0.0220675
3 1.63937 0.017576
4 1.63308 0.0149973
5 1.62865 0.0130215
6 1.62759 0.0110561
7 1.62362 0.0103661
8 1.62248 0.00921321
9 1.62595 0.00894167
10 1.62626 0.00809388
11 1.62852 0.00772715
12 1.62627 0.00745587
13 1.6251 0.00700026
14 1.62503 0.00651725
15 1.62397 0.00618883
16 1.62321 0.00586263
17 1.62606 0.00621991
18 1.62439 0.00611585
19 1.62337 0.00589089
20 1.62271 0.00564195
21 1.62293 0.00538377
22 1.62167 0.0052974
23 1.621 0.00511538
24 1.62136 0.00492
25 1.62333 0.00512053
26 1.62496 0.00518932
27 1.6239 0.00511248
28 1.62385 0.0049333
29 1.62321 0.00480846
30 1.62545 0.00516289
31 1.62452 0.00508466
32 1.62356 0.00502147
33 1.62267 0.00495267
34 1.62317 0.00483558
35 1.62226 0.00478664
36 1.62248 0.00466043
37 1.62203 0.0045579
38 1.62266 0.00448421
39 1.62146 0.00453423
40 1.62103 0.0044425
41 1.62132 0.00434483
42 1.62215 0.00432336
43 1.6219 0.00423103
44 1.62246 0.00417304
45 1.62215 0.00409274
46 1.6221 0.00400512
47 1.62237 0.00393002
48 1.62202 0.00386409
49 1.62131 0.00385228
50 1.62155 0.00378334
51 1.62194 0.00373076
52 1.62113 0.00374824
53 1.62096 0.00368233
54 1.62054 0.00363875
55 1.62072 0.00357759
56 1.62114 0.00353982
57 1.62103 0.00348003
58 1.62081 0.00342792
59 1.62065 0.00337385
60 1.62044 0.00332521
61 1.61956 0.0033871
62 1.62054 0.00347415
63 1.62126 0.00349438
64 1.62175 0.00347545
65 1.62231 0.00346737
66 1.62208 0.00342309
67 1.62247 0.00339554
68 1.62223 0.00335444
69 1.62225 0.00330619
70 1.62283 0.00331189
71 1.62287 0.00326582
72 1.62296 0.00322191
73 1.62345 0.00321536
74 1.62294 0.00321226
75 1.62318 0.00317858
76 1.62289 0.00315055
77 1.623 0.00311183
78 1.62352 0.00311573
79 1.62355 0.0030767
80 1.62347 0.00303959
81 1.62324 0.00301063
82 1.62341 0.00297917
83 1.62364 0.0029519
84 1.6236 0.00291715
85 1.62383 0.00289157
86 1.62395 0.00286068
87 1.62394 0.00282799
88 1.62357 0.00282108
89 1.62344 0.00279237
90 1.62314 0.00277853
91 1.62255 0.00281041
92 1.62244 0.00278214
93 1.62281 0.0027766
94 1.62253 0.0027609
95 1.62286 0.00275158
96 1.62282 0.00272339
97 1.62272 0.00269713
98 1.6228 0.00267094
99 1.62269 0.00264632
