0 -3.39111 0
1 -3.39183 0.00071228
2 -3.39291 0.00115707
3 -3.39284 0.000821098
4 -3.39294 0.000643986
5 -3.39264 0.00060712
6 -3.39264 0.00051311
7 -3.39287 0.000500882
8 -3.39296 0.000451751
9 -3.39292 0.000406688
10 -3.39271 0.00042164
11 -3.39262 0.000396257
12 -3.3927 0.000374589
13 -3.39284 0.000374776
14 -3.3929 0.000353894
15 -3.39277 0.00035516
16 -3.39267 0.000350206
17 -3.39285 0.000374722
18 -3.39288 0.000355843
19 -3.39277 0.000353362
20 -3.39279 0.000336739
21 -3.39279 0.000321074
22 -3.39285 0.000311892
23 -3.39285 0.000298615
24 -3.39272 0.000315519
25 -3.39262 0.000318717
26 -3.39255 0.000314117
27 -3.39256 0.000302701
28 -3.39253 0.000293653
29 -3.39253 0.000283837
30 -3.39246 0.000283706
31 -3.39245 0.000274864
32 -3.39245 0.000266415
33 -3.39243 0.000259638
34 -3.39243 0.000252111
35 -3.39238 0.000248533
36 -3.39243 0.000245227
37 -3.39245 0.000239482
38 -3.39244 0.000233272
39 -3.39245 0.000227575
40 -3.39246 0.000221986
41 -3.39244 0.000217246
42 -3.39246 0.000213258
43 -3.39254 0.00022184
44 -3.39261 0.000227638
45 -3.3926 0.000222695
46 -3.39254 0.000227254
47 -3.39242 0.000253718
48 -3.3924 0.000248957
49 -3.39241 0.000244032
50 -3.3924 0.000239255
51 -3.39242 0.00023511
52 -3.39244 0.000231955
53 -3.39245 0.000227818
54 -3.39248 0.000226013
55 -3.39244 0.000225601
56 -3.39249 0.000226241
57 -3.3925 0.000222385
58 -3.39251 0.000219061
59 -3.39256 0.000220311
60 -3.39261 0.000224187
61 -3.39263 0.000221192
62 -3.39262 0.000218194
63 -3.39264 0.000216384
64 -3.39264 0.000213039
65 -3.39265 0.000209888
66 -3.39267 0.000208648
67 -3.39268 0.000205569
68 -3.3927 0.00020373
69 -3.3927 0.00020082
70 -3.39268 0.00019883
71 -3.39267 0.000196171
72 -3.39267 0.000193496
73 -3.39263 0.000195142
74 -3.39262 0.000192674
75 -3.3926 0.000191183
76 -3.39256 0.000192195
77 -3.39259 0.000191093
78 -3.39258 0.000188663
79 -3.39257 0.000187134
80 -3.39259 0.000186111
81 -3.39259 0.000183883
82 -3.39264 0.000187152
83 -3.39266 0.000186112
84 -3.39267 0.000184337
85 -3.39268 0.00018266
86 -3.39269 0.000180734
87 -3.39269 0.000178672
88 -3.39267 0.000178744
89 -3.39266 0.000176926
90 -3.39266 0.000175074
91 -3.39266 0.000173166
92 -3.39266 0.000171297
93 -3.39267 0.000169592
94 -3.39269 0.000169245
95 -3.39271 0.000167952
96 -3.39273 0.000168218
97 -3.39274 0.000166773
98 -3.39274 0.000165131
99 -3.39275 0.000163788
