0 1.09329 0
1 1.1054 0.0121071
2 1.10223 0.00767394
3 1.09622 0.00809863
4 1.09313 0.00699393
5 1.08911 0.00698427
6 1.08692 0.00629479
7 1.09166 0.00722207
8 1.08743 0.00764548
9 1.08636 0.00692101
10 1.0879 0.00644683
11 1.08784 0.00588548
12 1.08757 0.00542068
13 1.0874 0.00502119
14 1.089 0.00493857
15 1.09158 0.00529443
16 1.09142 0.00497587
17 1.09029 0.00482555
18 1.09127 0.00466826
19 1.09036 0.00452117
20 1.09104 0.0043547
21 1.09023 0.0042312
22 1.09114 0.00414373
23 1.09071 0.00399045
24 1.09164 0.00393938
25 1.09146 0.00378916
26 1.0911 0.00366414
27 1.0902 0.00364256
28 1.08957 0.0035712
29 1.08971 0.00345288
30 1.08975 0.00333989
31 1.09093 0.00344164
32 1.09098 0.00333618
33 1.09099 0.00323658
34 1.09173 0.00322746
35 1.09101 0.00321679
36 1.09088 0.00313154
37 1.09136 0.00308515
38 1.09182 0.00304003
39 1.09208 0.00297484
40 1.09173 0.00292228
41 1.09208 0.00287265
42 1.09233 0.00281642
43 1.09254 0.00276006
44 1.0926 0.00269871
45 1.09195 0.00271923
46 1.09139 0.00271885
47 1.09083 0.0027194
48 1.09159 0.00276784
49 1.09208 0.00275702
50 1.09226 0.00270818
51 1.09248 0.00266461
52 1.09263 0.00261844
53 1.09257 0.00257027
54 1.0921 0.00256584
55 1.09164 0.00256261
56 1.09166 0.00251737
57 1.09127 0.00250402
58 1.09092 0.00248614
59 1.09074 0.00245141
60 1.09075 0.00241093
61 1.09072 0.00237187
62 1.09097 0.00234663
63 1.09077 0.00231802
64 1.09134 0.00235089
65 1.09087 0.00236162
66 1.09061 0.00234069
67 1.09048 0.00230959
68 1.0907 0.00228708
69 1.09069 0.00225421
70 1.09103 0.00224814
71 1.09106 0.00221692
72 1.09115 0.00218797
73 1.09125 0.00216056
74 1.0915 0.00214596
75 1.09132 0.00212539
76 1.09125 0.00209876
77 1.09112 0.0020756
78 1.09137 0.00206412
79 1.09126 0.00204094
80 1.09132 0.00201637
81 1.09182 0.00205524
82 1.09202 0.00203978
83 1.0923 0.00203413
84 1.09206 0.00202341
85 1.09214 0.00200128
86 1.09215 0.00197818
87 1.09152 0.00205447
88 1.09206 0.00210123
89 1.09225 0.00208599
90 1.0922 0.00206352
91 1.09202 0.00204828
92 1.09202 0.00202615
93 1.09193 0.00200619
94 1.09184 0.00198715
95 1.09178 0.00196734
96 1.09161 0.0019539
97 1.09167 0.0019346
98 1.09137 0.00193719
99 1.09128 0.0019201
