0 1.10424 0
1 1.08705 0.017191
2 1.098 0.0147801
3 1.0859 0.0159892
4 1.08726 0.012459
5 1.08941 0.0103985
6 1.09004 0.0088107
7 1.09193 0.00786009
8 1.09357 0.00712364
9 1.09395 0.00638314
10 1.09299 0.00585276
11 1.0911 0.00566939
12 1.09078 0.00522448
13 1.09102 0.00484269
14 1.0903 0.00456517
15 1.09069 0.00428823
16 1.0894 0.00423216
17 1.08968 0.00400056
18 1.08949 0.0037889
19 1.08852 0.00372387
20 1.09029 0.00395834
21 1.08977 0.00380947
22 1.08967 0.00364143
23 1.08978 0.00348814
24 1.09011 0.00336144
25 1.08861 0.00355983
26 1.08841 0.00343098
27 1.08896 0.00335024
28 1.08825 0.00330829
29 1.08968 0.00349924
30 1.08961 0.00338511
31 1.08905 0.00332552
32 1.08967 0.0032819
33 1.08877 0.00330693
34 1.08847 0.00322549
35 1.08788 0.00318923
36 1.08845 0.00315391
37 1.08851 0.00307038
38 1.08835 0.00299484
39 1.08868 0.00293688
40 1.08867 0.00286436
41 1.0884 0.00280852
42 1.08819 0.00275061
43 1.0883 0.00268978
44 1.08851 0.00263756
45 1.08809 0.00261404
46 1.08768 0.0025907
47 1.08673 0.00270595
48 1.08609 0.00272751
49 1.08658 0.00271658
50 1.08698 0.00269317
51 1.08737 0.0026698
52 1.08763 0.0026319
53 1.08707 0.0026428
54 1.08746 0.00262333
55 1.08708 0.00260431
56 1.0873 0.00256826
57 1.08719 0.00252621
58 1.08743 0.00249479
59 1.08723 0.00246108
60 1.08693 0.00243879
61 1.08778 0.00254334
62 1.08756 0.00251198
63 1.08789 0.00249471
64 1.0881 0.00246509
65 1.088 0.0024298
66 1.08803 0.00239356
67 1.08764 0.00239019
68 1.08798 0.00237849
69 1.08806 0.00234592
70 1.08807 0.00231265
71 1.08799 0.00228186
72 1.08794 0.00225084
73 1.08775 0.0022284
74 1.08761 0.00220273
75 1.08711 0.00223105
76 1.08713 0.00220196
77 1.08723 0.00217575
78 1.08725 0.00214817
79 1.08691 0.00214758
80 1.08696 0.00212129
81 1.08686 0.00209764
82 1.08727 0.00211307
83 1.08705 0.00209895
84 1.08709 0.00207438
85 1.08712 0.00205043
86 1.08673 0.00206456
87 1.08686 0.00204498
88 1.08691 0.0020226
89 1.0869 0.00200002
90 1.08669 0.00198942
91 1.08648 0.00197812
92 1.08648 0.00195674
93 1.0866 0.0019396
94 1.08681 0.00193103
95 1.08711 0.0019333
96 1.08717 0.0019144
97 1.08714 0.001895
98 1.0871 0.00187624
99 1.08703 0.00185869
