0 -3.39008 0
1 -3.39063 0.0005516
2 -3.39054 0.00033111
3 -3.39073 0.000305352
4 -3.39072 0.000236883
5 -3.39039 0.000386924
6 -3.39007 0.000452039
7 -3.39004 0.000392799
8 -3.38992 0.000365978
9 -3.38998 0.000332974
10 -3.39004 0.000305519
11 -3.39007 0.000280468
12 -3.39001 0.000262828
13 -3.38996 0.000248746
14 -3.38993 0.0002337
15 -3.39015 0.000305528
16 -3.39017 0.000287717
17 -3.39008 0.000283155
18 -3.39005 0.000269658
19 -3.39008 0.000257487
20 -3.39019 0.000265697
21 -3.39028 0.000271205
22 -3.39026 0.00025997
23 -3.39017 0.000264897
24 -3.39024 0.000263822
25 -3.39031 0.000261777
26 -3.39022 0.000265423
27 -3.39017 0.000261689
28 -3.39018 0.000252612
29 -3.3902 0.000245139
30 -3.39022 0.000238338
31 -3.39023 0.000230778
32 -3.39013 0.000241277
33 -3.3901 0.000237159
34 -3.39015 0.000236374
35 -3.39015 0.000229728
36 -3.39019 0.000226686
37 -3.39021 0.00022208
38 -3.39021 0.000216332
39 -3.39021 0.000210955
40 -3.39022 0.000206314
41 -3.39029 0.000213445
42 -3.39031 0.000208851
43 -3.39036 0.000210742
44 -3.39035 0.000206119
45 -3.39035 0.00020159
46 -3.39037 0.000197703
47 -3.39041 0.000197852
48 -3.39039 0.000194287
49 -3.3904 0.000190694
50 -3.39039 0.000187124
51 -3.39046 0.000193961
52 -3.39049 0.000192686
53 -3.39049 0.000189087
54 -3.39048 0.000185777
55 -3.39042 0.000191024
56 -3.39042 0.000187754
57 -3.39037 0.000189812
58 -3.39035 0.000188058
59 -3.39034 0.00018527
60 -3.39033 0.000182478
61 -3.39032 0.000179639
62 -3.39034 0.000178521
63 -3.39033 0.000176273
64 -3.39033 0.000173599
65 -3.39033 0.000170988
66 -3.39032 0.000168528
67 -3.39032 0.000166074
68 -3.39034 0.000164864
69 -3.39031 0.000165308
70 -3.3903 0.000163315
71 -3.3903 0.000161042
72 -3.3903 0.000158854
73 -3.39031 0.000156792
74 -3.39031 0.000154716
75 -3.39035 0.000156761
76 -3.39039 0.000160366
77 -3.39038 0.000158505
78 -3.39037 0.00015673
79 -3.39034 0.000157485
80 -3.39031 0.000159222
81 -3.39035 0.00016205
82 -3.39036 0.00016037
83 -3.39036 0.000158547
84 -3.39037 0.000156821
85 -3.39039 0.000156853
86 -3.39039 0.000155195
87 -3.39038 0.000153474
88 -3.39039 0.000151748
89 -3.39041 0.000152471
90 -3.39041 0.000150933
91 -3.39039 0.000149949
92 -3.39038 0.000148558
93 -3.39039 0.000147287
94 -3.39038 0.000146236
95 -3.39038 0.000144719
96 -3.3904 0.000144203
97 -3.39038 0.000144624
98 -3.39037 0.000143215
99 -3.39037 0.000141855
