0 1.82478 0
1 1.9095 0.0847227
2 1.95214 0.0648871
3 1.98477 0.0563033
4 2.00555 0.0483105
5 2.01991 0.0419777
6 2.02938 0.0367213
7 2.03898 0.0332191
8 2.04496 0.0299004
9 2.04676 0.0268039
10 2.05132 0.0246696
11 2.05761 0.0233843
12 2.06052 0.0217058
13 2.06476 0.0205383
14 2.06773 0.0193493
15 2.07263 0.0187503
16 2.07725 0.0182105
17 2.08047 0.0174674
18 2.08449 0.0170054
19 2.09005 0.0170631
20 2.09456 0.0168458
21 2.09727 0.0162887
22 2.09789 0.0155767
23 2.09846 0.0149246
24 2.09844 0.0143152
25 2.09866 0.0137555
26 2.10004 0.0133074
27 2.10036 0.0128272
28 2.1002 0.012378
29 2.10115 0.0119963
30 2.10207 0.0116393
31 2.10336 0.0113425
32 2.10482 0.0110901
33 2.10562 0.0107886
34 2.10615 0.0104892
35 2.10658 0.0102029
36 2.10641 0.00992483
37 2.10703 0.00968031
38 2.1088 0.00959265
39 2.11007 0.00943587
40 2.11031 0.00920592
41 2.11062 0.0089895
42 2.11104 0.00878813
43 2.11132 0.00859069
44 2.11235 0.00846008
45 2.11346 0.00834875
46 2.114 0.00818673
47 2.11422 0.00801746
48 2.11449 0.00785661
49 2.11532 0.00774294
50 2.11747 0.0078867
51 2.11886 0.00785902
52 2.11989 0.00777682
53 2.12048 0.00765471
54 2.12005 0.00752656
55 2.12 0.00739115
56 2.12048 0.00727624
57 2.12043 0.00714985
58 2.11972 0.00706307
59 2.11868 0.00702205
60 2.11797 0.00694181
61 2.11776 0.00683236
62 2.11737 0.00673427
63 2.11727 0.0066289
64 2.11738 0.00652706
65 2.1175 0.00642854
66 2.11827 0.00637774
67 2.11936 0.00637697
68 2.11982 0.00630062
69 2.12067 0.00626786
70 2.12168 0.00626228
71 2.12257 0.00623817
72 2.12242 0.00615401
73 2.12252 0.00607112
74 2.12275 0.00599411
75 2.12293 0.00591728
76 2.12318 0.00584553
77 2.12314 0.00577026
78 2.12355 0.00571144
79 2.1242 0.00567664
80 2.12463 0.00562256
81 2.12459 0.00555373
82 2.12428 0.00549467
83 2.12396 0.00543845
84 2.12391 0.00537431
85 2.12395 0.00531158
86 2.12423 0.00525779
87 2.12438 0.0051997
88 2.12489 0.00516655
89 2.12494 0.00510908
90 2.12448 0.00507364
91 2.12442 0.00501858
92 2.12464 0.00496924
93 2.12452 0.00491754
94 2.12484 0.00487594
95 2.12529 0.00484588
96 2.12589 0.00483361
97 2.12595 0.00478441
98 2.12606 0.00473703
99 2.12601 0.00468967
