0 1.36734 0
1 1.36731 2.57936560771458123458681199746678203155170194804668426513671875e-05
2 1.3673054277162564051906201711972244083881378173828125 1.767366921278738699989212246332925815295311622321605682373046875e-05
3 1.3672983427947420498327346649602986872196197509765625 1.4365770471669165228557028812783613602732657454907894134521484375e-05
4 1.36729234489712236921832300140522420406341552734375 1.2641200538296270343657616563870504933220217935740947723388671875e-05
5 1.3673058986552089066890403046272695064544677734375 1.7036362761191085521926547041715593877597711980342864990234375e-05
6 1.367331338045239430556421211804263293743133544921875 2.9231407035874520418394784115889706299640238285064697265625e-05
7 1.36735150983985764838735121884383261203765869140625 3.23690858977136868847822304129380199810839258134365081787109375e-05
8 1.36737322694940832690235765767283737659454345703125 3.5868587322815655778381060958537318583694286644458770751953125e-05
9 1.367394470787614668694232022971846163272857666015625 3.8477851671571799128425406255615826012217439711093902587890625e-05
10 1.3674071513690158052867218430037610232830047607421875 3.7042572695072112777363304569888668993371538817882537841796875e-05
11 1.3674160827342110025028887321241199970245361328125 3.49746979614035989419006111855736662619165144860744476318359375e-05
12 1.3674269079512912927754086922504939138889312744140625 3.3944449719067580780416937269450272651738487184047698974609375e-05
13 1.367433884971938962138438000692985951900482177734375 3.21916263312616867417297050746327613524044863879680633544921875e-05
14 1.367442187616549009732125341542996466159820556640625 3.10976090430007082068657175977222095752949826419353485107421875e-05
15 1.367445646025597927319950031233020126819610595703125 2.929401336354679164192087170714984267760883085429668426513671875e-05
16 1.36744474504851520890724714263342320919036865234375 2.753168051373156892066597356549806363545940257608890533447265625e-05
17 1.3674468952619138750748106758692301809787750244140625 2.604602349503008359098664425967939450856647454202175140380859375e-05
18 1.367451600327370453413777795503847301006317138671875 2.508232372809920626179069902406126857385970652103424072265625e-05
19 1.36745495013551643381788380793295800685882568359375 2.402981183271596097900286992388174667212297208607196807861328125e-05
20 1.367459569233471672333735114079900085926055908203125 2.331897112621968173027699189336914287196123041212558746337890625e-05
21 1.3674626829950862205720341080450452864170074462890625 2.24507434579590789175580767267348392124404199421405792236328125e-05
22 1.3674643546897395918193751640501432120800018310546875 2.151746391883478570143488350918659079979988746345043182373046875e-05
23 1.3674656469096435618126861299970187246799468994140625 2.0641890851134418673369641528125839613494463264942169189453125e-05
24 1.3674679434871930272521467486512847244739532470703125 1.993175602308086934578816584728855332286912016570568084716796875e-05
25 1.36747102901822703557854765676893293857574462890625 1.939679796838994493900047710877032614007475785911083221435546875e-05
26 1.3674739923458647528065057485946454107761383056640625 1.8898353708572692929469616363036266193375922739505767822265625e-05
27 1.3674781333721111042933671342325396835803985595703125 1.86757948529159487614272061595244167619966901838779449462890625e-05
28 1.3674815781357241295523863300331868231296539306640625 1.834659530672694860192924182218376927266945131123065948486328125e-05
29 1.367484962279868820900219361647032201290130615234375 1.80446712224050081758812413834647259136545471847057342529296875e-05
30 1.3674867041650584642553667436004616320133209228515625 1.753958984700251216956763677945474455555086024105548858642578125e-05
31 1.36748741459104650175504502840340137481689453125 1.699748800083536250950765056355606930083013139665126800537109375e-05
32 1.367487537008277964645230895257554948329925537109375 1.647481784081769397884258132602752766615594737231731414794921875e-05
33 1.3674895548164709424554530414752662181854248046875 1.610978947912306791733459687687712857950828038156032562255859375e-05
34 1.3674919576390800468601582906558178365230560302734375 1.582620784669987374672361912786300308653153479099273681640625e-05
35 1.36749304820972383822663687169551849365234375 1.54189253840640954598857625956753736318205483257770538330078125e-05
36 1.36749242806907123082282851100899279117584228515625 1.500922558721048003719904240238491865966352634131908416748046875e-05
37 1.367490367302547138450563579681329429149627685546875 1.4753539965990686654950629630445035900265793316066265106201171875e-05
38 1.367488249861253724048992808093316853046417236328125 1.452542916730097824029414865787401822672109119594097137451171875e-05
39 1.367484292144023783066586474888026714324951171875 1.4700415403903359761448622899937532793046557344496250152587890625e-05
40 1.367480661224240723328193780616857111454010009765625 1.479000396160029662099601177605023849537246860563755035400390625e-05
41 1.3674777264978938973172262194566428661346435546875 1.47288984430083365914469772928185875571216456592082977294921875e-05
42 1.3674750394833239397485158406198024749755859375 1.4631139317452828668805926703999631399710779078304767608642578125e-05
43 1.3674726004799315770554812843329273164272308349609375 1.450132840848961056075087927563771472705411724746227264404296875e-05
44 1.367472463701909557443059384240768849849700927734375 1.4176073714887915669575525756673783916994580067694187164306640625e-05
45 1.367472616076971458909383727586828172206878662109375 1.3865311050879276211201217294810561497797607444226741790771484375e-05
46 1.3674724928459565109761797430110163986682891845703125 1.356765696088328115973160870044722514649038203060626983642578125e-05
47 1.3674716030776339348307146792649291455745697021484375 1.331175938418507269205004472922837521764449775218963623046875e-05
48 1.3674712853757113872887885008822195231914520263671875 1.3041130936196243081024413734692046773488982580602169036865234375e-05
49 1.3674705991958162609734017678420059382915496826171875 1.279605760824912142996356845259242618340067565441131591796875e-05
50 1.367469063911347149087305297143757343292236328125 1.26362591979691307807025235643294536203029565513134002685546875e-05
51 1.3674664301123786724900810440885834395885467529296875 1.26676987280062937801967948292514165586908347904682159423828125e-05
52 1.3674634536789465055761638723197393119335174560546875 1.277788140076687267124473657009531279982184059917926788330078125e-05
53 1.3674615614497611648658903504838235676288604736328125 1.2680992575839176791257546794700061809635371901094913482666015625e-05
54 1.3674600076278158322651279377168975770473480224609375 1.2544895111253048236034900175805972821763134561479091644287109375e-05
55 1.3674599401897118422510857271845452487468719482421875 1.23190267461365912161387614620622343863942660391330718994140625e-05
56 1.36745983316266883633716133772395551204681396484375 1.2101446480265312663558534278518408200397971086204051971435546875e-05
57 1.3674607335308837097187506515183486044406890869140625 1.19250095736116366288044610133312062316690571606159210205078125e-05
58 1.3674615025490461928114882539375685155391693115234375 1.174634897936751445706414498371117360875359736382961273193359375e-05
59 1.367462461945418095154991533490829169750213623046875 1.15886983181884764136822252300618174558621831238269805908203125e-05
60 1.36746274108354004539478410151787102222442626953125 1.140055453733243787518662759605803103113430552184581756591796875e-05
61 1.367462685583826331736645443015731871128082275390625 1.121530471017186589006812968971615873670089058578014373779296875e-05
62 1.36746315426376607859992873272858560085296630859375 1.1045795722243414952877700596634014118535560555756092071533203125e-05
63 1.36746284006121410214973366237245500087738037109375 1.08763746281143329659724106051044145715422928333282470703125e-05
64 1.3674617471994514605881931856856681406497955322265625 1.0763364257544361376008924813252320973333553411066532135009765625e-05
65 1.3674605621328235205425016829394735395908355712890625 1.06650729114493800502201648061628702635061927139759063720703125e-05
66 1.367460119242549065887715187272988259792327880859375 1.051401875196066197973819578148635400793864391744136810302734375e-05
67 1.367460615463331752295061960467137396335601806640625 1.03701263048177100994408361689380626557976938784122467041015625e-05
68 1.367460850655759063698724276036955416202545166015625 1.0221435808186136721844965158378926162185962311923503875732421875e-05
69 1.3674607902759452482399638029164634644985198974609375 1.007453749429270802788309591146997945543262176215648651123046875e-05
70 1.367460306741728803814339698874391615390777587890625 9.9433931275604695346724548610239935442223213613033294677734375e-06
71 1.3674603108627827463550374886835925281047821044921875 9.804318469781146767254124962942540832955273799598217010498046875e-06
72 1.3674600644696075502082521779811941087245941162109375 9.67221917117037018898038913672365879392600618302822113037109375e-06
73 1.36745923136094216232550024869851768016815185546875 9.57692354951719782116432988505749790419940836727619171142578125e-06
74 1.3674587201469441399837023709551431238651275634765625 9.462188522495354489161116517959015936867217533290386199951171875e-06
75 1.367458087529971333395906185614876449108123779296875 9.358262522597587712742950305511158148874528706073760986328125e-06
76 1.3674573234697910972812451291247271001338958740234375 9.267477086027032094519943761223856881770188920199871063232421875e-06
77 1.3674563869210702993228778723278082907199859619140625 9.195708124911539731410718701010154063624213449656963348388671875e-06
78 1.3674542198189574282451985709485597908496856689453125 9.333627161415691204427759475326098481673398055136203765869140625e-06
79 1.367452262957550512822990640415810048580169677734375 9.421676088048052617241780171131182441968121565878391265869140625e-06
80 1.3674512581550788414830321926274336874485015869140625 9.35872912452543576447040740706739825327531434595584869384765625e-06
81 1.367450310061464779920470391516573727130889892578125 9.29238687122074322600855100784400519842165522277355194091796875e-06
82 1.367450553987252792609297102899290621280670166015625 9.182987712578534833063152731380540672034840099513530731201171875e-06
83 1.36745092019160008334210942848585546016693115234375 9.08039540862609349564267546828233435007859952747821807861328125e-06
84 1.367451119857267638479925153660587966442108154296875 8.97515238190527578983519962907422495845821686089038848876953125e-06
85 1.367451639885457037593141649267636239528656005859375 8.88540724189988101824368149639354896862641908228397369384765625e-06
86 1.36745234487238320753021980635821819305419921875 8.810931731953936774342887872091267809082637540996074676513671875e-06
87 1.3674530880245649999693569043301977217197418212890625 8.7418769599010627026347552970264587202109396457672119140625e-06
88 1.3674537276868570234711341981892473995685577392578125 8.666733376304849184069978296207636958570219576358795166015625e-06
89 1.3674533881097001852822359069250524044036865234375 8.576620417382272768794422568294777420305763371288776397705078125e-06
90 1.36745247102275069295274079195223748683929443359375 8.53128343645813175429026831153578314115293323993682861328125e-06
91 1.3674518265061703647944568729144521057605743408203125 8.46262125967177020256608510617724050462129525840282440185546875e-06
92 1.367450942396742252782360083074308931827545166015625 8.417688620864909268700325417622565282727009616792201995849609375e-06
93 1.3674509363485503055102299185818992555141448974609375 8.327659437998542618923798752650355936566484160721302032470703125e-06
94 1.3674510492721989596276443990063853561878204345703125 8.240307454262252249955165994688144337487756274640560150146484375e-06
95 1.3674512910402383258912095698178745806217193603515625 8.157602769442315340472395013282636000440106727182865142822265625e-06
96 1.3674517360859130832295704749412834644317626953125 8.085323583339769487328234365275392292460310272872447967529296875e-06
97 1.3674518694046893241278439745656214654445648193359375 8.003505092307232351663860703272490582094178535044193267822265625e-06
98 1.3674507581445869419667360489256680011749267578125 7.999808418687550073586899068711630889083608053624629974365234375e-06
99 1.3674498725602983739690898801200091838836669921875 7.968767807305599798072155703909658086558920331299304962158203125e-06
