0 -0.43009 0
1 -0.428097 0.0019931
2 -0.40781 0.0203199
3 -0.401824 0.0155653
4 -0.401621 0.0120585
5 -0.398317 0.0103854
6 -0.396493 0.00896488
7 -0.39559 0.0078161
8 -0.39315 0.00731236
9 -0.395367 0.00690594
10 -0.393969 0.00640113
11 -0.39425 0.00585017
12 -0.393641 0.00541577
13 -0.394008 0.00502743
14 -0.395776 0.00500331
15 -0.397184 0.0048873
16 -0.396273 0.00468031
17 -0.394505 0.00475374
18 -0.393162 0.00469297
19 -0.389731 0.00562056
20 -0.387393 0.00583497
21 -0.386554 0.00562634
22 -0.387876 0.00553635
23 -0.388024 0.00530271
24 -0.387647 0.00510012
25 -0.387619 0.00490012
26 -0.386817 0.00478289
27 -0.385618 0.00476223
28 -0.384511 0.00472667
29 -0.383207 0.00474881
30 -0.381552 0.00488216
31 -0.380268 0.00489848
32 -0.380777 0.00477494
33 -0.380846 0.00463288
34 -0.380633 0.00450362
35 -0.380596 0.00437688
36 -0.381402 0.00433244
37 -0.382017 0.00426156
38 -0.383899 0.0045574
39 -0.385691 0.00478984
40 -0.387395 0.00497289
41 -0.388925 0.00508845
42 -0.3901 0.00510574
43 -0.390562 0.00500965
44 -0.391591 0.0050041
45 -0.392758 0.00503136
46 -0.395387 0.00558116
47 -0.39722 0.00576282
48 -0.397837 0.00567758
49 -0.399533 0.00581588
50 -0.399572 0.00570083
51 -0.398002 0.00580639
52 -0.39787 0.0056973
53 -0.397716 0.00559293
54 -0.398128 0.0055058
55 -0.399254 0.00552256
56 -0.400414 0.00554746
57 -0.400564 0.00545304
58 -0.400431 0.00536147
59 -0.400064 0.00528413
60 -0.399978 0.0051975
61 -0.400202 0.00511787
62 -0.399969 0.00504136
63 -0.399669 0.00497103
64 -0.39869 0.0049909
65 -0.398276 0.00493209
66 -0.398244 0.00485803
67 -0.398998 0.00484513
68 -0.398999 0.0047744
69 -0.398457 0.00473684
70 -0.398191 0.00467721
71 -0.398161 0.00461188
72 -0.398359 0.00455254
73 -0.398155 0.00449522
74 -0.398101 0.0044352
75 -0.398277 0.00437996
76 -0.397859 0.00434283
77 -0.39739 0.00431238
78 -0.396961 0.00427899
79 -0.396494 0.00425092
80 -0.395479 0.00431907
81 -0.394884 0.00430736
82 -0.394725 0.00425812
83 -0.394708 0.00420716
84 -0.394699 0.00415738
85 -0.394757 0.00410916
86 -0.394701 0.00406204
87 -0.394881 0.00401964
88 -0.395265 0.00399271
89 -0.395621 0.00396411
90 -0.395562 0.00392074
91 -0.395072 0.0039087
92 -0.394473 0.00391255
93 -0.3942 0.00388033
94 -0.393793 0.00386078
95 -0.393464 0.00383451
96 -0.393483 0.00379482
97 -0.392944 0.0037944
98 -0.392215 0.00382587
99 -0.392326 0.00378903
