0 1.22048 0
1 1.22949 0.00901221
2 1.22139 0.00962274
3 1.21687 0.00816915
4 1.21655 0.00633629
5 1.21787 0.00534145
6 1.21767 0.00451919
7 1.21608 0.00422176
8 1.21539 0.00378674
9 1.21207 0.00474437
10 1.20905 0.00524447
11 1.20783 0.00494056
12 1.20887 0.00466188
13 1.20858 0.00432583
14 1.20901 0.00405015
15 1.20931 0.00380018
16 1.20803 0.00379098
17 1.20702 0.00371555
18 1.20813 0.00368525
19 1.20918 0.00365021
20 1.21117 0.00400239
21 1.21203 0.00391268
22 1.21201 0.00373879
23 1.2127 0.00364556
24 1.21347 0.00358188
25 1.21427 0.00353142
26 1.21448 0.00340469
27 1.21404 0.0033102
28 1.21425 0.00320132
29 1.2152 0.00323428
30 1.21541 0.00313517
31 1.21507 0.00305401
32 1.215 0.00296083
33 1.2156 0.00293366
34 1.21549 0.00285083
35 1.21551 0.00277059
36 1.21597 0.00273314
37 1.21566 0.00267791
38 1.21552 0.00261228
39 1.21579 0.00256033
40 1.21565 0.00250101
41 1.21588 0.00245157
42 1.21672 0.0025372
43 1.21698 0.00249313
44 1.2178 0.00256902
45 1.21811 0.00253168
46 1.21785 0.00249031
47 1.21766 0.00244539
48 1.21756 0.00239684
49 1.21814 0.00241702
50 1.21843 0.00238774
51 1.21846 0.00234154
52 1.2186 0.00230109
53 1.21825 0.00228452
54 1.21793 0.00226589
55 1.21811 0.00223231
56 1.21824 0.00219661
57 1.21816 0.00215984
58 1.2182 0.00212337
59 1.21868 0.00214077
60 1.21821 0.00215699
61 1.21738 0.00227941
62 1.21702 0.00227157
63 1.21684 0.00224243
64 1.21647 0.00223937
65 1.21618 0.00222443
66 1.21603 0.00219615
67 1.21626 0.00217597
68 1.2164 0.00214882
69 1.21632 0.00211946
70 1.21661 0.00211032
71 1.21665 0.00208118
72 1.21702 0.0020845
73 1.21754 0.00212252
74 1.21825 0.00221065
75 1.21835 0.00218366
76 1.21823 0.00215872
77 1.21814 0.00213272
78 1.21786 0.00212386
79 1.21745 0.0021377
80 1.21669 0.00224262
81 1.21593 0.00234014
82 1.21545 0.002361
83 1.21543 0.00233281
84 1.21562 0.00231229
85 1.21549 0.00228887
86 1.21526 0.00227345
87 1.21528 0.00224753
88 1.21547 0.00223049
89 1.21532 0.00221085
90 1.21505 0.00220363
91 1.21507 0.00217963
92 1.21531 0.0021701
93 1.21526 0.00214751
94 1.21519 0.002126
95 1.21507 0.00210725
96 1.21498 0.00208736
97 1.21478 0.00207536
98 1.21482 0.00205468
99 1.21517 0.00206489
