0 1.21652 0
1 1.273 0.0564818
2 1.30142 0.043258
3 1.32318 0.0375355
4 1.33703 0.032207
5 1.34661 0.0279851
6 1.35292 0.0244809
7 1.35932 0.0221461
8 1.36331 0.0199336
9 1.36451 0.0178693
10 1.36754 0.0164464
11 1.37174 0.0155895
12 1.37368 0.0144705
13 1.37651 0.0136922
14 1.37849 0.0128995
15 1.38175 0.0125002
16 1.38484 0.0121403
17 1.38698 0.0116449
18 1.38966 0.0113369
19 1.39337 0.0113754
20 1.39637 0.0112306
21 1.39818 0.0108592
22 1.39859 0.0103845
23 1.39898 0.00994971
24 1.39896 0.00954344
25 1.39911 0.00917032
26 1.40003 0.00887161
27 1.40024 0.00855149
28 1.40013 0.008252
29 1.40077 0.00799755
30 1.40138 0.00775953
31 1.40224 0.00756169
32 1.40321 0.00739343
33 1.40374 0.0071924
34 1.4041 0.00699277
35 1.40439 0.00680194
36 1.40427 0.00661655
37 1.40469 0.00645354
38 1.40586 0.0063951
39 1.40671 0.00629058
40 1.40687 0.00613728
41 1.40708 0.005993
42 1.40736 0.00585875
43 1.40755 0.00572713
44 1.40823 0.00564006
45 1.40898 0.00556583
46 1.40933 0.00545782
47 1.40948 0.00534497
48 1.40966 0.00523774
49 1.41021 0.00516196
50 1.41164 0.0052578
51 1.41258 0.00523935
52 1.41326 0.00518455
53 1.41366 0.00510314
54 1.41337 0.0050177
55 1.41333 0.00492744
56 1.41365 0.00485082
57 1.41362 0.00476657
58 1.41315 0.00470872
59 1.41245 0.00468137
60 1.41198 0.00462787
61 1.41184 0.0045549
62 1.41158 0.00448951
63 1.41152 0.00441927
64 1.41159 0.00435137
65 1.41167 0.00428569
66 1.41218 0.00425182
67 1.41291 0.00425131
68 1.41321 0.00420042
69 1.41378 0.00417857
70 1.41446 0.00417485
71 1.41505 0.00415878
72 1.41495 0.00410267
73 1.41501 0.00404741
74 1.41517 0.00399608
75 1.41528 0.00394485
76 1.41546 0.00389702
77 1.41543 0.00384684
78 1.4157 0.00380763
79 1.41613 0.00378443
80 1.41642 0.00374837
81 1.41639 0.00370248
82 1.41619 0.00366311
83 1.41597 0.00362563
84 1.41594 0.00358287
85 1.41597 0.00354105
86 1.41616 0.00350519
87 1.41625 0.00346647
88 1.41659 0.00344437
89 1.41663 0.00340605
90 1.41632 0.00338242
91 1.41628 0.00334572
92 1.41643 0.00331282
93 1.41635 0.00327836
94 1.41656 0.00325062
95 1.41686 0.00323059
96 1.41726 0.0032224
97 1.4173 0.00318961
98 1.41737 0.00315802
99 1.41734 0.00312645
