0 1.43053 0
1 1.43053 8.950625310946230483335312420878349115582750528119504451751708984375e-07
2 1.43051576510967581867816988960839807987213134765625 1.1057786164585411181116893220011121456991531886160373687744140625e-05
3 1.430503470166517132611261331476271152496337890625 1.4570618243164006004445633346566779664499335922300815582275390625e-05
4 1.4304937811167193206784986614366061985492706298828125 1.487479261038675477403503411011342905112542212009429931640625e-05
5 1.4304803883020846821949589866562746465206146240234375 1.807964955647149439045030805406355511877336539328098297119140625e-05
6 1.4304694240753204059757308641565032303333282470703125 1.880679444559590985709164601136222927380003966391086578369140625e-05
7 1.430464731126998234600478099309839308261871337890625 1.69497903769955039939010266181185215828008949756622314453125e-05
8 1.430465662393385795070344101986847817897796630859375 1.49772923243500383238581419309554121355176903307437896728515625e-05
9 1.430472735941491269073821968049742281436920166015625 1.51489438799162071179298105771948712572338990867137908935546875e-05
10 1.4304793553236836434194856337853707373142242431640625 1.521779071524626689095212317415217739835497923195362091064453125e-05
11 1.4304833075487548565973838776699267327785491943359375 1.444314392630304566306383151630399197529186494648456573486328125e-05
12 1.4304923232896580298501021388801746070384979248046875 1.60559971528000293232961437350780897759250365197658538818359375e-05
13 1.430503957826350980298002468771301209926605224609375 1.887669458105455461073736433963432546079275198280811309814453125e-05
14 1.4305152524774429334541991920559667050838470458984375 2.088990502561994299702587130074249444078304804861545562744140625e-05
15 1.43052528165669290416417425149120390415191650390625 2.196415321956383208119693850601805706901359371840953826904296875e-05
16 1.430530532225017026348723447881639003753662109375 2.128935645275432586771315046636487977593787945806980133056640625e-05
17 1.430534765432180943633966307970695197582244873046875 2.051334011410251237524614287277557878041989170014858245849609375e-05
18 1.4305358229131239777842665716889314353466033935546875 1.9432470820409338311228475415504135526134632527828216552734375e-05
19 1.4305374336588936312608666412415914237499237060546875 1.850549550571041352024954929067490638772142119705677032470703125e-05
20 1.430535557110421240878395110485143959522247314453125 1.770198306550384734713542156381294034872553311288356781005859375e-05
21 1.43053379263673807741952259675599634647369384765625 1.69701582123439438589025674009036492861923761665821075439453125e-05
22 1.4305351142599516123254943522624671459197998046875 1.626931755193390216444881968271829464356414973735809326171875e-05
23 1.4305369413915924869939999553025700151920318603515625 1.56834796201841229768003671551923616789281368255615234375e-05
24 1.4305380559379017313403892330825328826904296875 1.5084297367025963274825457738348433167629991658031940460205078125e-05
25 1.430539308037517276517291975324042141437530517578125 1.4546511420410192545337076108769025495348614640533924102783203125e-05
26 1.4305411924207049878532416187226772308349609375 1.4123659248117547378230211829741591600395622663199901580810546875e-05
27 1.430542733481515060844913023174740374088287353515625 1.3696868393058864667622027966320530367738683708012104034423828125e-05
28 1.4305436935872497539179448722279630601406097412109375 1.3250954617289251448691671242396949992325971834361553192138671875e-05
29 1.430545470888668457831727209850214421749114990234375 1.292442481140389218589002717774150141849531792104244232177734375e-05
30 1.4305468361881572558758080049301497638225555419921875 1.2574894432054293757464354108766002582342480309307575225830078125e-05
31 1.4305460461810588501663232818827964365482330322265625 1.220119153089605979118671685856867270558723248541355133056640625e-05
32 1.43054496672180420091535779647529125213623046875 1.1874844182533366243148358065706560182661633007228374481201171875e-05
33 1.430544349958433603120511179440654814243316650390625 1.15367904113298518531567637968038297913153655827045440673828125e-05
34 1.4305439714591401401122539027710445225238800048828125 1.1208711551735111956805239497025894479520502500236034393310546875e-05
35 1.4305440108914060370892684659338556230068206787109375 1.08929815061565454271941266739531783969141542911529541015625e-05
36 1.430542006825498813071817494346760213375091552734375 1.0782366245062104183100211429735537649321486242115497589111328125e-05
37 1.4305406451441349258146829015458934009075164794921875 1.0582754357837671592423856026243811356835067272186279296875e-05
38 1.4305408417395646392122898760135285556316375732421875 1.030970502599392758639497424955067117480211891233921051025390625e-05
39 1.4305417730396079445398527241195552051067352294921875 1.009172088720146036994705640577052463413565419614315032958984375e-05
40 1.4305430445089413193926475287298671901226043701171875 9.924289140476921894612298558069340970178018324077129364013671875e-06
41 1.4305441870271184967577937641181051731109619140625 9.75227183273631397886042904143977239073137752711772918701171875e-06
42 1.430544217053026034847107439418323338031768798828125 9.52282137154779423859028708587715073008439503610134124755859375e-06
43 1.4305446690472545245853552842163480818271636962890625 9.314848237317141540331753846171380928353755734860897064208984375e-06
44 1.4305451808815876635350150536396540701389312744140625 9.119872547770015806518732748298106116635608486831188201904296875e-06
45 1.4305448608676776256487528371508233249187469482421875 8.92515067169859804981600637230343409100896678864955902099609375e-06
46 1.43054367902388346323050427599810063838958740234375 8.8127948126653799106565434495763611266738735139369964599609375e-06
47 1.4305446088928459591471664680284447968006134033203125 8.6772089676129263093214138979902827486512251198291778564453125e-06
48 1.4305473871888010339858965380699373781681060791015625 8.9408985005893726002480781378523033708916045725345611572265625e-06
49 1.4305488177909853053648703280487097799777984619140625 8.876300609807031842166634427737648138645454309880733489990234375e-06
50 1.4305488638352155117416941720875911414623260498046875 8.700636303026907110544536927410064208743278868496417999267578125e-06
51 1.4305477536014274964060177808278240263462066650390625 8.6036104664150407921215102380330108644557185471057891845703125e-06
52 1.4305454001830444354936844320036470890045166015625 8.7617005118275945543294958017810358796850778162479400634765625e-06
53 1.4305439058040942956750996017944999039173126220703125 8.726816591605565635197429286140646809144527651369571685791015625e-06
54 1.4305443817208753909397955794702284038066864013671875 8.5798881558148915667423584086037635643151588737964630126953125e-06
55 1.4305447683194827401820248269359581172466278076171875 8.434147704858824173075777796970697863798704929649829864501953125e-06
56 1.43054426257820477275117809767834842205047607421875 8.300280229497088198688074800468683633880573324859142303466796875e-06
57 1.430543728964920990875953066279180347919464111328125 8.173354534441910632992268903596055906746187247335910797119140625e-06
58 1.4305435838890616651042364537715911865234375 8.03493884293557161769237795478915131752728484570980072021484375e-06
59 1.4305438151620963882493242635973729193210601806640625 7.903273178845891255308274414570490762343979440629482269287109375e-06
60 1.430544508044536922142242474365048110485076904296875 7.80345276960752167404698764752168926861486397683620452880859375e-06
61 1.4305454234554961789882554512587375938892364501953125 7.730946119534222907396410484626159131948952563107013702392578125e-06
62 1.4305455133521700616938687744550406932830810546875 7.607774959555398377390560138433528436507913284003734588623046875e-06
63 1.4305451674372291481773800114751793444156646728515625 7.4959459019091179726615274681034151171843404881656169891357421875e-06
64 1.4305448118650421207576073356904089450836181640625 7.388284296539041444960328741675681385459029115736484527587890625e-06
65 1.4305444219298397712236692314036190509796142578125 7.2859212038449254556838653729133881142843165434896945953369140625e-06
66 1.4305445275270953775503812721581198275089263916015625 7.1771288939602295375787439912773635342091438360512256622314453125e-06
67 1.430545532864036406550667379633523523807525634765625 7.1419078102779304912349489509182376423268578946590423583984375e-06
68 1.4305465430680344152136740376590751111507415771484375 7.109775308061211572204819708620249230079934932291507720947265625e-06
69 1.4305470632592249824455166162806563079357147216796875 7.0267518396190757341661370372065675837802700698375701904296875e-06
70 1.4305476545496265128321056181448511779308319091796875 6.952267892047336766470945479401422062437632121145725250244140625e-06
71 1.43054733727182625813156846561469137668609619140625 6.8623662436695051999066378989322601000822032801806926727294921875e-06
72 1.4305454311461180960662886718637309968471527099609375 7.0310171984474104494027175971115894981267047114670276641845703125e-06
73 1.4305427640524708277069976247730664908885955810546875 7.430511710463861253469532164306343702264712192118167877197265625e-06
74 1.4305405627009424307516383123584091663360595703125 7.654156709810868772897972378554953820639639161527156829833984375e-06
75 1.4305383093593315724234571462147869169712066650390625 7.881746528667994398952879875341892557116807438433170318603515625e-06
76 1.4305364007574052909177453329903073608875274658203125 8.009440348537143572016198944663045722336391918361186981201171875e-06
77 1.4305344328668798681292173569090664386749267578125 8.147320258748160819368445972887826656005927361547946929931640625e-06
78 1.43053420293479671698833044501952826976776123046875 8.0468141914632364936586783610295015023439191281795501708984375e-06
79 1.430534299074365467419056585640646517276763916015625 7.9461741210411004497811415792085654175025410950183868408203125e-06
80 1.43053484770448857688052157755009829998016357421875 7.866614293978798516139561147753056502551771700382232666015625e-06
81 1.430535460189783947271280339919030666351318359375 7.794189969597224495610927885724805719291907735168933868408203125e-06
82 1.4305363563851616337530003875144757330417633056640625 7.751691771697001120781933547476683088461868464946746826171875e-06
83 1.430536861803265225034920149482786655426025390625 7.675512353129020751726745153131759025200153701007366180419921875e-06
84 1.4305366566379100756734032984240911900997161865234375 7.5874487040296673760731392677225670695406734012067317962646484375e-06
85 1.4305351524270502050484310530009679496288299560546875 7.648085740888364801311032070696427354050683788955211639404296875e-06
86 1.4305336287888490431896570953540503978729248046875 7.711680457295566159907351799773778111557476222515106201171875e-06
87 1.4305320684544735598819897859357297420501708984375 7.781584959268703763682860363726234709247364662587642669677734375e-06
88 1.4305313056464405985224175310577265918254852294921875 7.731377674167675580750060115864386034445487894117832183837890625e-06
89 1.430530953125304538531281650648452341556549072265625 7.653114232983767361369505100032739619564381428062915802001953125e-06
90 1.430530703321285290741116114077158272266387939453125 7.57266820969714678246122174787302583354176022112369537353515625e-06
91 1.4305301260810663332989634000114165246486663818359375 7.512115217827026105866690397494522812849027104675769805908203125e-06
92 1.4305296767750526054641113660181872546672821044921875 7.4444718559347683177105335639023309113326831720769405364990234375e-06
93 1.4305298021841796884956465873983688652515411376953125 7.365917301522087432571854470619854282631422393023967742919921875e-06
94 1.4305297954540459048899947447353042662143707275390625 7.287971874780344957891857482490394204432959668338298797607421875e-06
95 1.4305294637243139987958784331567585468292236328125 7.219281116659825286844577585387838780661695636808872222900390625e-06
96 1.43052901611119143154837729525752365589141845703125 7.15847593693291542045302466856782075410592369735240936279296875e-06
97 1.4305289908401928045122986077331006526947021484375 7.0850985802290831038342637515636823763998108915984630584716796875e-06
98 1.430528873966613989665574990794993937015533447265625 7.0141406706720967569241610706232137317783781327307224273681640625e-06
99 1.43052854089189640518497981247492134571075439453125 6.9516293657991723808453436717069706674010376445949077606201171875e-06
