0 1.18989 0
1 1.17048 0.0194102
2 1.15866 0.0162926
3 1.15519 0.0120302
4 1.15128 0.0101042
5 1.15385 0.00864088
6 1.15723 0.00804731
7 1.1562 0.00704508
8 1.15414 0.00654707
9 1.15107 0.00660948
10 1.14898 0.006335
11 1.14695 0.00612762
12 1.14436 0.0062057
13 1.1412 0.00655442
14 1.13988 0.00624341
15 1.13969 0.00584324
16 1.14076 0.00559101
17 1.1416 0.00533914
18 1.14223 0.00508849
19 1.14231 0.00482801
20 1.1435 0.00474491
21 1.14523 0.00484564
22 1.14793 0.00535552
23 1.15026 0.00563186
24 1.1521 0.00570799
25 1.15328 0.00561068
26 1.1535 0.00540327
27 1.15308 0.00522346
28 1.15258 0.00506485
29 1.1525 0.00489378
30 1.1522 0.00474318
31 1.15146 0.00465126
32 1.15108 0.00452448
33 1.1516 0.00442109
34 1.15143 0.00429642
35 1.15132 0.00417682
36 1.15203 0.00412425
37 1.15252 0.00404324
38 1.1526 0.00393917
39 1.15261 0.00383944
40 1.15236 0.00375338
41 1.15268 0.00367673
42 1.15279 0.00359218
43 1.15367 0.00361684
44 1.15497 0.00376613
45 1.15659 0.00402531
46 1.15847 0.00436419
47 1.16009 0.00456808
48 1.16135 0.00464944
49 1.16179 0.00457621
50 1.16175 0.00448578
51 1.16184 0.00439963
52 1.16237 0.00434825
53 1.16323 0.0043533
54 1.16352 0.00428317
55 1.16346 0.00420641
56 1.16354 0.00413267
57 1.16368 0.00406341
58 1.16397 0.00400389
59 1.16427 0.00394818
60 1.16523 0.00399945
61 1.16657 0.00415658
62 1.16785 0.00428593
63 1.16851 0.00426943
64 1.16913 0.00424956
65 1.1697 0.00422258
66 1.17051 0.00423748
67 1.17118 0.00422824
68 1.17178 0.00420925
69 1.17221 0.00417104
70 1.17267 0.00413802
71 1.17343 0.00415033
72 1.17426 0.00417698
73 1.17486 0.00416322
74 1.17534 0.00413514
75 1.17586 0.00411286
76 1.17659 0.00412472
77 1.17659 0.0040715
78 1.17669 0.00402073
79 1.17685 0.00397341
80 1.17732 0.00395215
81 1.17814 0.00398937
82 1.17867 0.00397678
83 1.17877 0.00393027
84 1.17913 0.00390096
85 1.17957 0.00388071
86 1.17995 0.00385398
87 1.18003 0.00381077
88 1.18016 0.00377002
89 1.1802 0.0037281
90 1.18058 0.00370688
91 1.18103 0.00369343
92 1.18131 0.00366384
93 1.18138 0.00362538
94 1.1815 0.00358915
95 1.18166 0.00355494
96 1.18162 0.00351828
97 1.18156 0.0034828
98 1.18194 0.00346867
99 1.18211 0.00343811
