0 -0.0659267 0
1 -0.150675 0.0847485
2 -0.193319 0.0649047
3 -0.225958 0.0563168
4 -0.246742 0.048321
5 -0.261112 0.0419895
6 -0.270595 0.0367327
7 -0.280192 0.0332277
8 -0.286173 0.0299083
9 -0.287969 0.026811
10 -0.292527 0.024676
11 -0.29882 0.0233885
12 -0.301729 0.02171
13 -0.305977 0.0205437
14 -0.308957 0.0193558
15 -0.313862 0.0187586
16 -0.318499 0.0182204
17 -0.321721 0.0174778
18 -0.325756 0.0170177
19 -0.331325 0.0170781
20 -0.33585 0.0168628
21 -0.338567 0.0163061
22 -0.339188 0.0155934
23 -0.33976 0.0149405
24 -0.339728 0.0143304
25 -0.339952 0.0137701
26 -0.341325 0.0133212
27 -0.341639 0.0128404
28 -0.341483 0.0123907
29 -0.34244 0.0120088
30 -0.343364 0.0116516
31 -0.34465 0.0113547
32 -0.346111 0.0111018
33 -0.34691 0.0108
34 -0.347441 0.0105003
35 -0.347875 0.0102136
36 -0.347699 0.00993531
37 -0.348321 0.00969031
38 -0.350083 0.00960167
39 -0.351353 0.00944424
40 -0.351587 0.00921399
41 -0.3519 0.00899739
42 -0.352323 0.00879582
43 -0.352605 0.0085982
44 -0.353632 0.00846746
45 -0.354746 0.00835599
46 -0.355281 0.00819374
47 -0.355503 0.00802428
48 -0.355766 0.00786322
49 -0.356597 0.00774906
50 -0.35874 0.00789206
51 -0.360139 0.00786427
52 -0.361162 0.00778209
53 -0.361761 0.00766
54 -0.361332 0.00753167
55 -0.361275 0.00739617
56 -0.361756 0.00728115
57 -0.361707 0.00715468
58 -0.360999 0.00706784
59 -0.359957 0.00702674
60 -0.359251 0.00694657
61 -0.359033 0.0068371
62 -0.358643 0.00673901
63 -0.358547 0.00663357
64 -0.358658 0.00653167
65 -0.358781 0.00643312
66 -0.359548 0.00638254
67 -0.36064 0.00638206
68 -0.361101 0.00630579
69 -0.361951 0.00627297
70 -0.362969 0.00626717
71 -0.363857 0.00624294
72 -0.363705 0.00615871
73 -0.363806 0.00607577
74 -0.364038 0.00599868
75 -0.364211 0.00592175
76 -0.364467 0.00584995
77 -0.364426 0.00577461
78 -0.364837 0.00571583
79 -0.365486 0.00568114
80 -0.365917 0.00562711
81 -0.365876 0.00555822
82 -0.365576 0.00549906
83 -0.365253 0.00544274
84 -0.365204 0.00537855
85 -0.365241 0.00531577
86 -0.365525 0.00526197
87 -0.36567 0.00520385
88 -0.366183 0.00517062
89 -0.366233 0.00511308
90 -0.36577 0.00507768
91 -0.365705 0.0050226
92 -0.365925 0.00497314
93 -0.365804 0.00492144
94 -0.366121 0.00487969
95 -0.366571 0.00484952
96 -0.367176 0.00483721
97 -0.367236 0.00478798
98 -0.367342 0.00474055
99 -0.367294 0.00469316
