0 1.88069 0
1 1.89302 0.0123348
2 1.90346 0.0126329
3 1.90801 0.0100258
4 1.91254 0.00899379
5 1.90861 0.00832968
6 1.90637 0.00738695
7 1.9039 0.00686019
8 1.90643 0.0065604
9 1.90349 0.00656463
10 1.89926 0.00729306
11 1.8954 0.00769157
12 1.89626 0.00712665
13 1.89764 0.00673997
14 1.89913 0.00645071
15 1.90193 0.00665099
16 1.90048 0.00641403
17 1.89865 0.00631691
18 1.89771 0.00604842
19 1.8943 0.00667462
20 1.89316 0.00645134
21 1.89376 0.00618002
22 1.89208 0.00613842
23 1.8867 0.00796448
24 1.88431 0.00800415
25 1.88322 0.00776714
26 1.88231 0.00752998
27 1.8819 0.00726741
28 1.88132 0.00703638
29 1.88098 0.00680635
30 1.88034 0.0066136
31 1.87904 0.00653465
32 1.87741 0.00653956
33 1.87717 0.00634886
34 1.87721 0.00616493
35 1.87639 0.00604826
36 1.87528 0.00598527
37 1.87583 0.00585176
38 1.87572 0.0057009
39 1.87535 0.00556853
40 1.87574 0.00544466
41 1.87738 0.00556262
42 1.87739 0.00543172
43 1.87759 0.00531047
44 1.8789 0.0053535
45 1.8798 0.0053136
46 1.88004 0.00520493
47 1.88045 0.00511134
48 1.88081 0.00501916
49 1.88063 0.00492102
50 1.88095 0.00483364
51 1.88178 0.00481263
52 1.88336 0.00497716
53 1.88513 0.00519759
54 1.88653 0.00528984
55 1.88677 0.00519989
56 1.88658 0.00511133
57 1.88622 0.00503517
58 1.88653 0.00495889
59 1.88672 0.00487918
60 1.88652 0.00480261
61 1.88582 0.00477592
62 1.88451 0.00487838
63 1.88396 0.004833
64 1.88384 0.00475969
65 1.88423 0.00470349
66 1.88505 0.00470411
67 1.886 0.0047308
68 1.88705 0.00477967
69 1.88786 0.00477963
70 1.88854 0.00476002
71 1.88948 0.00478703
72 1.88999 0.00474815
73 1.89033 0.00469645
74 1.89067 0.00464542
75 1.89085 0.00458756
76 1.89059 0.0045349
77 1.89125 0.00452398
78 1.89182 0.00450215
79 1.89156 0.00445306
80 1.89128 0.00440673
81 1.89087 0.00437104
82 1.89085 0.00431812
83 1.89092 0.00426697
84 1.89071 0.00422187
85 1.89085 0.00417483
86 1.89097 0.00412839
87 1.89129 0.00409394
88 1.8912 0.0040488
89 1.89119 0.00400356
90 1.89182 0.0040091
91 1.89239 0.0040062
92 1.89235 0.00396312
93 1.89216 0.0039253
94 1.89209 0.00388452
95 1.89228 0.00384895
96 1.8924 0.00381082
97 1.8924 0.00377173
98 1.89241 0.00373347
99 1.89204 0.00371497
