0 1.83071 0
1 1.84423 0.0135183
2 1.83209 0.0144341
3 1.82531 0.0122537
4 1.82482 0.00950443
5 1.82681 0.00801218
6 1.8265 0.00677878
7 1.82412 0.00633264
8 1.82309 0.00568011
9 1.8181 0.00711656
10 1.81358 0.00786671
11 1.81175 0.00741083
12 1.81331 0.00699282
13 1.81287 0.00648875
14 1.81352 0.00607523
15 1.81397 0.00570027
16 1.81205 0.00568647
17 1.81053 0.00557332
18 1.81219 0.00552787
19 1.81377 0.00547531
20 1.81675 0.00600359
21 1.81805 0.00586902
22 1.81801 0.00560818
23 1.81904 0.00546834
24 1.82021 0.00537282
25 1.8214 0.00529713
26 1.82172 0.00510703
27 1.82106 0.0049653
28 1.82138 0.00480198
29 1.8228 0.00485142
30 1.82311 0.00470275
31 1.82261 0.00458102
32 1.82251 0.00444125
33 1.8234 0.00440049
34 1.82323 0.00427624
35 1.82326 0.00415589
36 1.82395 0.00409971
37 1.82349 0.00401686
38 1.82327 0.00391843
39 1.82368 0.00384049
40 1.82347 0.00375152
41 1.82381 0.00367735
42 1.82507 0.0038058
43 1.82547 0.00373969
44 1.82669 0.00385353
45 1.82716 0.00379752
46 1.82678 0.00373547
47 1.82649 0.00366808
48 1.82635 0.00359526
49 1.8272 0.00362553
50 1.82765 0.00358161
51 1.82769 0.00351231
52 1.8279 0.00345163
53 1.82738 0.00342678
54 1.82689 0.00339884
55 1.82716 0.00334847
56 1.82736 0.00329491
57 1.82724 0.00323976
58 1.82731 0.00318506
59 1.82802 0.00321115
60 1.82731 0.00323548
61 1.82606 0.00341912
62 1.82552 0.00340736
63 1.82527 0.00336365
64 1.8247 0.00335905
65 1.82426 0.00333665
66 1.82404 0.00329423
67 1.82439 0.00326396
68 1.8246 0.00322323
69 1.82448 0.00317919
70 1.82492 0.00316548
71 1.82498 0.00312177
72 1.82553 0.00312675
73 1.82632 0.00318378
74 1.82738 0.00331597
75 1.82753 0.00327548
76 1.82734 0.00323808
77 1.82721 0.00319908
78 1.82679 0.0031858
79 1.82617 0.00320655
80 1.82503 0.00336393
81 1.8239 0.00351021
82 1.82318 0.00354151
83 1.82315 0.00349922
84 1.82342 0.00346844
85 1.82323 0.00343331
86 1.82289 0.00341018
87 1.82292 0.0033713
88 1.82321 0.00334574
89 1.82298 0.00331628
90 1.82257 0.00330544
91 1.8226 0.00326945
92 1.82297 0.00325514
93 1.82289 0.00322127
94 1.82278 0.003189
95 1.8226 0.00316088
96 1.82246 0.00313104
97 1.82217 0.00311304
98 1.82223 0.00308201
99 1.82276 0.00309734
