0 1.35432 0
1 1.35431 3.487476628562346432920089622786719019131851382553577423095703125e-06
2 1.354290773858327412426660885103046894073486328125 2.3350233702755063096290211177574747125618159770965576171875e-05
3 1.3542692757667873504345834589912556111812591552734375 2.71069106231700102343888658662507396002183668315410614013671875e-05
4 1.3542631823407678126613973290659487247467041015625 2.18632269937784327364094227874602438532747328281402587890625e-05
5 1.3542713305214435504097991724847815930843353271484375 1.962294307897086617360586646707787394916522316634654998779296875e-05
6 1.3542852972489323182259113309555687010288238525390625 2.1682072835311756546505801424018500256352126598358154296875e-05
7 1.3542945215931492253247370172175578773021697998046875 2.092062837821967661157233908664210275674122385680675506591796875e-05
8 1.35430036912237117263657637522555887699127197265625 1.93547320325990730520947236126261259414604865014553070068359375e-05
9 1.35430973098617979388791354722343385219573974609375 1.968067664092062598137945761411771172788576222956180572509765625e-05
10 1.354317430452137482888019803795032203197479248046875 1.939554912176074045310723847901357430600910447537899017333984375e-05
11 1.3543245658232112571539573764312081038951873779296875 1.908934185464404903920417055918079540788312442600727081298828125e-05
12 1.354328282235615521500449176528491079807281494140625 1.79486125761997450541417042924052793750888668000698089599609375e-05
13 1.354332752155704699958960190997458994388580322265625 1.7207878555196501747619197697503068411606363952159881591796875e-05
14 1.3543354528873650099995984419365413486957550048828125 1.624572453114513009083015593336796200674143619835376739501953125e-05
15 1.3543353495023620070014658267609775066375732421875 1.5196835598967053793779090342663806723066954873502254486083984375e-05
16 1.3543362203317752534559303967398591339588165283203125 1.4301477760137714851144084826639613083898439072072505950927734375e-05
17 1.3543359371910990152088061222457326948642730712890625 1.3486535376855811560492005851674690575237036682665348052978515625e-05
18 1.3543333125390286664213590483996085822582244873046875 1.3024188393113027541951425003485809384073945693671703338623046875e-05
19 1.354327210584862495323932307655923068523406982421875 1.3780435812612183018818247381975794496611342765390872955322265625e-05
20 1.3543192763438420822552643585368059575557708740234375 1.532210224145709814521677805121413484812364913523197174072265625e-05
21 1.3543146511475081528175223866128362715244293212890625 1.53237336017636007813071119532111197258927859365940093994140625e-05
22 1.3543112944054904733803823546622879803180694580078125 1.502217355275900644733834410349260224393219687044620513916015625e-05
23 1.3543113746515265116698856218135915696620941162109375 1.4382859905747587576517639018636174341736477799713611602783203125e-05
24 1.354313147801132988234940057736821472644805908203125 1.3909039715239869048463670908599709719055681489408016204833984375e-05
25 1.354314952267961391640938018099404871463775634765625 1.348465249983974803570964395849074435318470932543277740478515625e-05
26 1.3543182213837618999008327591582201421260833740234375 1.338109276952828175671385280143255158691317774355411529541015625e-05
27 1.3543215014495386672166432617814280092716217041015625 1.3304996787557788113544321451087171226390637457370758056640625e-05
28 1.3543235388512726569132382792304269969463348388671875 1.2998671496369564387564528307184019695341703481972217559814453125e-05
29 1.3543261971966848999926469332422129809856414794921875 1.2836195235723860588587276476690846038763993419706821441650390625e-05
30 1.3543290713573832295679721937631256878376007080078125 1.2743567956341186211510589643136626136765698902308940887451171875e-05
31 1.354332637638655523204533892567269504070281982421875 1.2843947179318813996812785604983986331717460416257381439208984375e-05
32 1.3543348105259320757198793216957710683345794677734375 1.263686779024148266223175063327488487630034796893596649169921875e-05
33 1.3543360080055404370824589932453818619251251220703125 1.2317906334411068207629162685190493675690959207713603973388671875e-05
34 1.354336876264521816182195834699086844921112060546875 1.1992263013115508104959594515293019867385737597942352294921875e-05
35 1.35433785333729073130371034494601190090179443359375 1.1695271757075410923938825480394854139376548118889331817626953125e-05
36 1.3543403234553199609990770113654434680938720703125 1.1639904398496481801000661249201328928393195383250713348388671875e-05
37 1.354343464959232079536377568729221820831298828125 1.1756934256665620302010309694562550930641009472310543060302734375e-05
38 1.354347286923171633787887913058511912822723388671875 1.20724657059742001576595205047937042763805948197841644287109375e-05
39 1.354351059676686563904013382853008806705474853515625 1.2356815118909870933501526923947722025332041084766387939453125e-05
40 1.354354835100574749873203472816385328769683837890625 1.2629186852815906484865694781039024974234052933752536773681640625e-05
41 1.3543575921072725787297486021998338401317596435546875 1.262942576017041964426233791041198628590791486203670501708984375e-05
42 1.3543579772041718367603380102082155644893646240234375 1.2338231954876189051134062479864184069811017252504825592041015625e-05
43 1.3543562864615006358093296512379311025142669677734375 1.21725485438088846363267891970139089607982896268367767333984375e-05
44 1.35435374209474002071829090709798038005828857421875 1.216796502472047053120506043821791308801039122045040130615234375e-05
45 1.3543504809567539215464648805209435522556304931640625 1.23392476137688155758166674846876276205875910818576812744140625e-05
46 1.354345363551364922471975660300813615322113037109375 1.311357455863962966579293334401512538534007035195827484130859375e-05
47 1.3543402934010762006522554656839929521083831787109375 1.3802428187377769125345101930424362990379449911415576934814453125e-05
48 1.3543359992215535658743874591891653835773468017578125 1.4183483517617916517595567926779409617665805853903293609619140625e-05
49 1.35433221268090253630589359090663492679595947265625 1.4403549960329208883447367484098577961049159057438373565673828125e-05
50 1.3543288357078768768815280054695904254913330078125 1.451655674671864103449092642250661810976453125476837158203125e-05
51 1.3543272849014893477459509085747413337230682373046875 1.4318883172355722260458109340586219104807241819798946380615234375e-05
52 1.3543275714413682830894458675174973905086517333984375 1.40490397408248959853528659014187951470375992357730865478515625e-05
53 1.3543297978862611774530932962079532444477081298828125 1.396504134604180358790459504092495990335009992122650146484375e-05
54 1.3543316904179290016685399677953682839870452880859375 1.383879809597838566746948185670618158837896771728992462158203125e-05
55 1.354333163678463680668073720880784094333648681640625 1.36690562427965807044093204947188269215985201299190521240234375e-05
56 1.3543342028532305842958294306299649178981781005859375 1.3467259413829982860944835254546347869109013117849826812744140625e-05
57 1.354336002971505248382300123921595513820648193359375 1.335490428443128938201626965120993872915278188884258270263671875e-05
58 1.3543385264532030731743361684493720531463623046875 1.336695737450116212678696836491099020349793136119842529296875e-05
59 1.3543387366414407768644423413206823170185089111328125 1.314396695226821069305174483066167567812954075634479522705078125e-05
60 1.354337446313766069039274952956475317478179931640625 1.299093625022066096998986373112217052039341069757938385009765625e-05
61 1.354337369708583427296844092779792845249176025390625 1.277991725721032214581861230495718473321176134049892425537109375e-05
62 1.3543367282129861184358787795645184814929962158203125 1.2591776583384113084667331461385941793196252547204494476318359375e-05
63 1.35433633772303618769683453137986361980438232421875 1.23996188121143103709649591070984797624987550079822540283203125e-05
64 1.3543357959693771430664810395683161914348602294921875 1.221938049465049930838826675039143765388871543109416961669921875e-05
65 1.354334429163676301044461069977842271327972412109375 1.2110193187088812743676911887202862772028311155736446380615234375e-05
66 1.354332178101901096312076333560980856418609619140625 1.2138625934868813100917482594720553379374905489385128021240234375e-05
67 1.3543311546371636922003744984976947307586669921875 1.200250047474859298938902607556400425892206840217113494873046875e-05
68 1.3543304081002986993809145133127458393573760986328125 1.18508093040256405094334812844181215041317045688629150390625e-05
69 1.3543294834045573882264079657034017145633697509765625 1.1716830752302286524778492105003380174821359105408191680908203125e-05
70 1.35432948755239834781605168245732784271240234375 1.155062678177512202324674073228294446380459703505039215087890625e-05
71 1.3543296823591168820399843752966262400150299072265625 1.139073774847692717394030681443695129928528331220149993896484375e-05
72 1.3543310491798539185737126899766735732555389404296875 1.13164634351583363067010601366035871251369826495647430419921875e-05
73 1.35433178763937878130718672764487564563751220703125 1.1186890688717480621915123517595702651306055486202239990234375e-05
74 1.35433252123511760345309085096232593059539794921875 1.1061078043685224178878379053259095599059946835041046142578125e-05
75 1.354334010247484787470284572918899357318878173828125 1.10156675303987229715650675299087879466242156922817230224609375e-05
76 1.3543350687864939008164810729795135557651519775390625 1.09230775566590492084602381783753344279830344021320343017578125e-05
77 1.35433525375658714295923346071504056453704833984375 1.0783715096753682612692841480406258369839633814990520477294921875e-05
78 1.3543333202313359020507732566329650580883026123046875 1.0820490940228770631865821971739904938658582977950572967529296875e-05
79 1.354329665440553664979006498469971120357513427734375 1.12921847851187449516228988866117788347764872014522552490234375e-05
80 1.3543262926662460454707570534083060920238494873046875 1.165077533941940573646196821488985051473719067871570587158203125e-05
81 1.3543223653865374966898116326774470508098602294921875 1.215949621572962543211531005749037603891338221728801727294921875e-05
82 1.35431831229239918457096791826188564300537109375 1.267746757119721167056218547042334421348641626536846160888671875e-05
83 1.35431477939135636034961862605996429920196533203125 1.3014336508292782801886333654550753635703586041927337646484375e-05
84 1.35431220235785598760003267670981585979461669921875 1.3115975544120149598567755255817957049657707102596759796142578125e-05
85 1.3543103763633947966837922649574466049671173095703125 1.30905461605201756526521694734555012473720125854015350341796875e-05
86 1.3543087766667285531951847588061355054378509521484375 1.3037716704006044584414521214643656321641174145042896270751953125e-05
87 1.3543074149068641265358792225015349686145782470703125 1.296044825562420977032966618036624595333705656230449676513671875e-05
88 1.354305516591083335953271671314723789691925048828125 1.2953846566533458919815748056070248139803879894316196441650390625e-05
89 1.3543043660228299973624643826042301952838897705078125 1.286067696280350437960937615144985102233476936817169189453125e-05
90 1.354304090982746178184470409178175032138824462890625 1.272153924007045548249909827642767368161003105342388153076171875e-05
91 1.354304443475054409162794399890117347240447998046875 1.2587438187352281530884123839086896623484790325164794921875e-05
92 1.3543055278825526510644294830854050815105438232421875 1.249848588813807516960385779469788758433423936367034912109375e-05
93 1.354306853608644001241145815583877265453338623046875 1.2435675821430383861262124189916988825643784366548061370849609375e-05
94 1.354308385325558194978157189325429499149322509765625 1.23990517595366195433177758378207045097951777279376983642578125e-05
95 1.35430968278985819353010811028070747852325439453125 1.233762762181496298158865643213033536085276864469051361083984375e-05
96 1.35431069546267668357586444471962749958038330078125 1.2251696443802140900421367153416696282874909229576587677001953125e-05
97 1.3543108919289770231131342370645143091678619384765625 1.2127625939552234046237867703954549369882442988455295562744140625e-05
98 1.3543108011361451037402048314106650650501251220703125 1.200484303702726427060844260896743662669905461370944976806640625e-05
99 1.3543105514805213740459066684707067906856536865234375 1.188681037481600951516945430253002768949954770505428314208984375e-05
