0 -0.430521 0
1 -0.401409 0.0291117
2 -0.383693 0.0244206
3 -0.378518 0.0180268
4 -0.372664 0.0151407
5 -0.37651 0.0129467
6 -0.381567 0.0120539
7 -0.38001 0.0105544
8 -0.376908 0.00981135
9 -0.372302 0.00991123
10 -0.369151 0.00950251
11 -0.366105 0.0091938
12 -0.362207 0.00931208
13 -0.357471 0.00983665
14 -0.355485 0.00937025
15 -0.355201 0.00876966
16 -0.356797 0.00839078
17 -0.35807 0.00801273
18 -0.359006 0.00763682
19 -0.359131 0.00724599
20 -0.360929 0.00712303
21 -0.363537 0.00727516
22 -0.367577 0.0080405
23 -0.371071 0.00845405
24 -0.373836 0.00856709
25 -0.375612 0.00842044
26 -0.375935 0.00810903
27 -0.375305 0.00783941
28 -0.374554 0.00760153
29 -0.37443 0.00734482
30 -0.373967 0.00711897
31 -0.372859 0.00698146
32 -0.37228 0.00679133
33 -0.373071 0.00663592
34 -0.37281 0.00644882
35 -0.372644 0.00626934
36 -0.373709 0.00618989
37 -0.374431 0.00606787
38 -0.374558 0.00591161
39 -0.374569 0.00576193
40 -0.374181 0.00563303
41 -0.374656 0.00551773
42 -0.374834 0.00539084
43 -0.376147 0.0054281
44 -0.378096 0.00565267
45 -0.380535 0.0060424
46 -0.383359 0.0065524
47 -0.38579 0.00685952
48 -0.387693 0.00698229
49 -0.388349 0.00687262
50 -0.38829 0.00673677
51 -0.38843 0.00660743
52 -0.389225 0.00653011
53 -0.390517 0.00653694
54 -0.390948 0.00643147
55 -0.390857 0.00631624
56 -0.390972 0.0062055
57 -0.391189 0.00610142
58 -0.391609 0.00601184
59 -0.392062 0.00592814
60 -0.393501 0.00600509
61 -0.395512 0.0062404
62 -0.397434 0.00643429
63 -0.398422 0.00640944
64 -0.399361 0.00637958
65 -0.400209 0.00633916
66 -0.401428 0.00636177
67 -0.402435 0.00634792
68 -0.403333 0.0063194
69 -0.403981 0.00626208
70 -0.404678 0.00621244
71 -0.405818 0.0062307
72 -0.407066 0.00627023
73 -0.407961 0.00624937
74 -0.408679 0.00620708
75 -0.409451 0.00617338
76 -0.410549 0.00619086
77 -0.410553 0.00611097
78 -0.410696 0.00603483
79 -0.410941 0.00596394
80 -0.41165 0.00593238
81 -0.412887 0.00598888
82 -0.41369 0.00597044
83 -0.413834 0.00590069
84 -0.414385 0.00585688
85 -0.415052 0.00582662
86 -0.415614 0.00578659
87 -0.415735 0.00572173
88 -0.415934 0.00566061
89 -0.415995 0.00559768
90 -0.416572 0.00556579
91 -0.417241 0.00554548
92 -0.417652 0.00550093
93 -0.41776 0.00544316
94 -0.417944 0.0053887
95 -0.418175 0.00533727
96 -0.41812 0.00528225
97 -0.418022 0.00522898
98 -0.418597 0.00520772
99 -0.418855 0.00516184
