0 -0.400189 0
1 -0.413706 0.0135174
2 -0.401575 0.0144245
3 -0.394807 0.0122413
4 -0.394324 0.00949431
5 -0.396331 0.00800753
6 -0.396028 0.00677435
7 -0.393659 0.00632732
8 -0.392622 0.00567567
9 -0.387631 0.00711868
10 -0.383103 0.00787209
11 -0.381269 0.00741657
12 -0.382818 0.00699596
13 -0.38237 0.00649244
14 -0.383006 0.00607746
15 -0.383441 0.00570157
16 -0.381521 0.00568939
17 -0.379994 0.00557712
18 -0.381656 0.00553098
19 -0.383229 0.00547768
20 -0.386217 0.00600648
21 -0.387514 0.0058721
22 -0.387474 0.00561113
23 -0.388508 0.00547077
24 -0.389671 0.00537485
25 -0.390859 0.00529875
26 -0.391174 0.00510847
27 -0.390513 0.00496688
28 -0.390836 0.00480343
29 -0.392254 0.00485224
30 -0.392565 0.00470346
31 -0.392064 0.00458161
32 -0.391961 0.0044418
33 -0.392856 0.00440114
34 -0.392688 0.00427686
35 -0.392721 0.00415649
36 -0.393408 0.00410062
37 -0.392949 0.00401758
38 -0.392733 0.00391914
39 -0.393136 0.00384109
40 -0.392925 0.00375216
41 -0.393269 0.00367788
42 -0.39453 0.00380627
43 -0.394929 0.0037401
44 -0.396148 0.00385375
45 -0.396614 0.00379777
46 -0.396233 0.00373559
47 -0.395945 0.00366827
48 -0.3958 0.00359556
49 -0.396656 0.00362548
50 -0.397102 0.00358156
51 -0.397145 0.00351227
52 -0.397354 0.00345173
53 -0.396836 0.00342665
54 -0.396349 0.00339878
55 -0.396619 0.00334838
56 -0.396813 0.00329485
57 -0.396695 0.00323968
58 -0.396762 0.00318499
59 -0.397472 0.00321103
60 -0.396768 0.00323552
61 -0.395518 0.00341949
62 -0.394979 0.00340773
63 -0.394721 0.00336398
64 -0.394158 0.00335932
65 -0.39372 0.00333686
66 -0.393494 0.00329445
67 -0.39384 0.00326407
68 -0.394051 0.00322327
69 -0.393928 0.00317925
70 -0.394372 0.00316545
71 -0.394432 0.00312174
72 -0.39498 0.00312706
73 -0.395772 0.00318474
74 -0.396837 0.00331757
75 -0.396989 0.00327717
76 -0.396804 0.00323963
77 -0.396673 0.00320053
78 -0.396255 0.00318718
79 -0.395634 0.00320791
80 -0.394498 0.00336538
81 -0.393366 0.00351176
82 -0.392645 0.00354319
83 -0.392615 0.00350089
84 -0.392887 0.0034701
85 -0.392695 0.00343486
86 -0.392361 0.00341156
87 -0.392388 0.00337268
88 -0.392678 0.00334716
89 -0.39245 0.00331765
90 -0.392038 0.00330676
91 -0.392068 0.00327076
92 -0.392438 0.00325648
93 -0.39236 0.0032226
94 -0.392252 0.00319031
95 -0.39207 0.00316216
96 -0.391935 0.00313229
97 -0.391639 0.00311427
98 -0.391699 0.00308323
99 -0.392233 0.00309858
